#
# A fatal error has been detected by the Java Runtime Environment:
#
#  EXCEPTION_ACCESS_VIOLATION (0xc0000005) at pc=0x00007ff8b3ce3c1c, pid=12736, tid=14716
#
# JRE version: Java(TM) SE Runtime Environment (21.0+35) (build 21+35-LTS-2513)
# Java VM: Java HotSpot(TM) 64-Bit Server VM (21+35-LTS-2513, mixed mode, sharing, tiered, compressed oops, compressed class ptrs, g1 gc, windows-amd64)
# Problematic frame:
# V  [jvm.dll+0x653c1c]
#
# No core dump will be written. Minidumps are not enabled by default on client versions of Windows
#
# If you would like to submit a bug report, please visit:
#   https://bugreport.java.com/bugreport/crash.jsp
#

---------------  S U M M A R Y ------------

Command Line: -javaagent:D:\Приложения\IntelliJ IDEA Community Edition 2023.2.3\lib\idea_rt.jar=59492:D:\Приложения\IntelliJ IDEA Community Edition 2023.2.3\bin -Dfile.encoding=UTF-8 -Dsun.stdout.encoding=UTF-8 -Dsun.stderr.encoding=UTF-8 com.la_shop.la_men.LaMenApplication

Host: Intel(R) Core(TM) i5-10300H CPU @ 2.50GHz, 8 cores, 15G,  Windows 11 , 64 bit Build 22621 (10.0.22621.3374)
Time: Fri Apr 26 21:04:12 2024 RTZ 2 (s 11 , 64 bit Build 22621 (10.0.22621.3374) elapsed time: 5.805443 seconds (0d 0h 0m 5s)

---------------  T H R E A D  ---------------

Current thread (0x00000271ff806a70):  JavaThread "C2 CompilerThread1" daemon [_thread_in_native, id=14716, stack(0x0000007d03500000,0x0000007d03600000) (1024K)]


Current CompileTask:
C2:   5805 6089       4       jdk.internal.org.objectweb.asm.MethodWriter::computeAllFrames (510 bytes)

Stack: [0x0000007d03500000,0x0000007d03600000],  sp=0x0000007d035fcbc0,  free space=1010k
Native frames: (J=compiled Java code, j=interpreted, Vv=VM code, C=native code)
V  [jvm.dll+0x653c1c]
V  [jvm.dll+0x65a31b]
V  [jvm.dll+0x65869d]
V  [jvm.dll+0x249685]
V  [jvm.dll+0x248de1]
V  [jvm.dll+0x1c9b91]
V  [jvm.dll+0x2583e9]
V  [jvm.dll+0x2569ca]
V  [jvm.dll+0x3eef66]
V  [jvm.dll+0x7fd2c8]
V  [jvm.dll+0x6c748d]
C  [ucrtbase.dll+0x29333]
C  [KERNEL32.DLL+0x1257d]
C  [ntdll.dll+0x5aa48]


siginfo: EXCEPTION_ACCESS_VIOLATION (0xc0000005), reading address 0xffffffffffffffff


Registers:
RAX=0xb5b800007ff8b401, RBX=0x00000271dd17b640, RCX=0x00000271dd17b582, RDX=0x00000271dcb8b190
RSP=0x0000007d035fcbc0, RBP=0x00000271dd17b818, RSI=0x00000271dd17b5d0, RDI=0x00000271dcb8b190
R8 =0x00000271dd17b818, R9 =0x00000271dcb85e60, R10=0x0000007d035fe3c0, R11=0x00007ff9344e15b5
R12=0x0000000000000000, R13=0x0000007d035fd070, R14=0x00000271dd17b582, R15=0x0000007d035fd070
RIP=0x00007ff8b3ce3c1c, EFLAGS=0x0000000000010246


Register to memory mapping:

RAX=0xb5b800007ff8b401 is an unknown value
RBX=0x00000271dd17b640 points into unknown readable memory: 0x00007ff8b401f9d8 | d8 f9 01 b4 f8 7f 00 00
RCX=0x00000271dd17b582 points into unknown readable memory: 01 b4 f8 7f 00 00
RDX=0x00000271dcb8b190 points into unknown readable memory: 0x00007ff8b401fc38 | 38 fc 01 b4 f8 7f 00 00
RSP=0x0000007d035fcbc0 is pointing into the stack for thread: 0x00000271ff806a70
RBP=0x00000271dd17b818 points into unknown readable memory: 0x00007ff8b401fc38 | 38 fc 01 b4 f8 7f 00 00
RSI=0x00000271dd17b5d0 points into unknown readable memory: 0x00007ff8b401b148 | 48 b1 01 b4 f8 7f 00 00
RDI=0x00000271dcb8b190 points into unknown readable memory: 0x00007ff8b401fc38 | 38 fc 01 b4 f8 7f 00 00
R8 =0x00000271dd17b818 points into unknown readable memory: 0x00007ff8b401fc38 | 38 fc 01 b4 f8 7f 00 00
R9 =0x00000271dcb85e60 points into unknown readable memory: 0x0000000000000000 | 00 00 00 00 00 00 00 00
R10=0x0000007d035fe3c0 is pointing into the stack for thread: 0x00000271ff806a70
R11=0x00007ff9344e15b5 VCRUNTIME140.dll
R12=0x0 is null
R13=0x0000007d035fd070 is pointing into the stack for thread: 0x00000271ff806a70
R14=0x00000271dd17b582 points into unknown readable memory: 01 b4 f8 7f 00 00
R15=0x0000007d035fd070 is pointing into the stack for thread: 0x00000271ff806a70

Top of Stack: (sp=0x0000007d035fcbc0)
0x0000007d035fcbc0:   0000000000000000 0000007d035fd070
0x0000007d035fcbd0:   00000271dd17b818 0000000000000070
0x0000007d035fcbe0:   00000271dd17b818 00000271dcb8b190
0x0000007d035fcbf0:   0000007d035fcc58 00007ff8b3cea31b
0x0000007d035fcc00:   00000271ff681e68 0000000000000070
0x0000007d035fcc10:   00000271dd17b818 00000271ff681e68
0x0000007d035fcc20:   00000271dd9f3150 00000271dda3f960
0x0000007d035fcc30:   00000271dd9f09e0 00000271d8223f70
0x0000007d035fcc40:   0000007d035fe670 00000271dd5e54b0
0x0000007d035fcc50:   0000000000001ebd 0000000000000000
0x0000007d035fcc60:   0000000000000000 0000007d035fd070
0x0000007d035fcc70:   0000007d035fcd09 00007ff8b3ce869d
0x0000007d035fcc80:   0000000000000010 00000271ff681e68
0x0000007d035fcc90:   0000000000000010 00000271dd5e5498
0x0000007d035fcca0:   00000271d987f2d0 0000007d035fe670
0x0000007d035fccb0:   0000000000000000 0000000000000000
0x0000007d035fccc0:   0000000000000000 0000000000000000
0x0000007d035fccd0:   0000000000000000 0000000000000000
0x0000007d035fcce0:   0000000000000000 0000000000000000
0x0000007d035fccf0:   0000000000000000 0000000000004000
0x0000007d035fcd00:   0000000000000000 0000000900000009
0x0000007d035fcd10:   0000007d035fd118 0000000000000007
0x0000007d035fcd20:   00000271da754878 0000000000000000
0x0000007d035fcd30:   0000f38af300d81a 00007ff8b3ce206e
0x0000007d035fcd40:   0000000000000000 0000000080000000
0x0000007d035fcd50:   00000271ff6841f0 0000000000000070
0x0000007d035fcd60:   0000007d035fce70 00007ff8b38d9685
0x0000007d035fcd70:   0000007d035fe3c0 0000007d035fe3c0
0x0000007d035fcd80:   0000007d035fe3c0 00007ff8b40487c0
0x0000007d035fcd90:   0000007d035fe300 0000000000000001
0x0000007d035fcda0:   00000271dd300000 0000000000000000
0x0000007d035fcdb0:   0000000000000000 0000000000000000 

Instructions: (pc=0x00007ff8b3ce3c1c)
0x00007ff8b3ce3b1c:   49 8b 46 08 48 83 38 00 75 0a 33 d2 49 8b ce e8
0x00007ff8b3ce3b2c:   50 7c a3 ff 33 ff 48 85 db 74 7a 83 ff 02 73 75
0x00007ff8b3ce3b3c:   4a 8d 0c a5 00 00 00 00 85 ff 75 09 48 8b 85 d0
0x00007ff8b3ce3b4c:   00 00 00 eb 07 48 8b 85 d8 00 00 00 8b 0c 08 48
0x00007ff8b3ce3b5c:   8b d3 44 0f b7 84 4b f0 04 00 00 48 8b cd 41 d1
0x00007ff8b3ce3b6c:   e8 41 81 f8 3c 01 00 00 73 0f 4d 8b cd 4c 89 74
0x00007ff8b3ce3b7c:   24 20 e8 bd fe ff ff eb 1e 4c 8d 4c 24 68 48 c7
0x00007ff8b3ce3b8c:   44 24 68 01 00 00 00 e8 98 f8 ff ff 48 8b d0 49
0x00007ff8b3ce3b9c:   8b ce e8 fd 06 05 00 49 8b 9f 80 07 00 00 ff c7
0x00007ff8b3ce3bac:   48 85 db 75 86 48 8b 7c 24 70 4c 8b 74 24 78 48
0x00007ff8b3ce3bbc:   83 c4 30 41 5f 41 5d 41 5c 5d 5b c3 cc cc cc cc
0x00007ff8b3ce3bcc:   cc cc cc cc 48 89 5c 24 18 55 57 41 57 48 83 ec
0x00007ff8b3ce3bdc:   20 48 8b 42 08 4c 8b f9 49 8b e8 48 8b fa 48 8b
0x00007ff8b3ce3bec:   18 48 8b cb 48 8b 03 ff 10 3d b1 00 00 00 0f 85
0x00007ff8b3ce3bfc:   27 01 00 00 48 8b 43 08 48 89 74 24 40 4c 89 74
0x00007ff8b3ce3c0c:   24 48 4c 8b 70 10 48 8b 70 08 49 8b ce 49 8b 06
0x00007ff8b3ce3c1c:   ff 10 8b d8 83 f8 55 74 09 83 f8 4c 0f 85 ef 00
0x00007ff8b3ce3c2c:   00 00 49 8b 4e 08 48 8b 49 10 48 8b 11 ff 52 28
0x00007ff8b3ce3c3c:   48 3b 05 7d 82 60 00 74 16 83 fb 4c 0f 85 cf 00
0x00007ff8b3ce3c4c:   00 00 48 3b 05 e3 83 60 00 0f 85 c2 00 00 00 48
0x00007ff8b3ce3c5c:   8b 07 48 8b cf ff 10 8b 4e 38 3d b4 00 00 00 75
0x00007ff8b3ce3c6c:   05 83 f9 04 eb 02 85 c9 0f 85 a3 00 00 00 49 8d
0x00007ff8b3ce3c7c:   b7 f0 02 00 00 48 8b d7 48 8b ce e8 f4 79 a3 ff
0x00007ff8b3ce3c8c:   49 8b 46 08 48 8b 78 08 48 8b cf 48 8b 07 ff 50
0x00007ff8b3ce3c9c:   28 33 d2 8b ca 83 78 10 06 48 0f 44 c8 48 85 c9
0x00007ff8b3ce3cac:   74 4f 83 3d 0b 54 56 00 03 7e 46 8b 4d 20 85 c9
0x00007ff8b3ce3cbc:   74 3f 4c 8b 45 10 8b c2 49 8b 1c c0 8b 43 2c 25
0x00007ff8b3ce3ccc:   ff 03 00 00 3d 04 03 00 00 75 0a 48 8b 43 08 48
0x00007ff8b3ce3cdc:   39 78 08 74 08 ff c2 3b d1 72 db eb 14 45 33 c0
0x00007ff8b3ce3cec:   33 d2 48 8b cb e8 8a 7a a3 ff 48 8b fb 48 83 cf
0x00007ff8b3ce3cfc:   01 8b 5e 18 8d 43 01 89 46 18 3b 5e 08 72 0a 8b
0x00007ff8b3ce3d0c:   d3 48 8b ce e8 3b 1c 05 00 48 8b 46 10 48 89 3c 


Stack slot to memory mapping:

stack at sp + 0 slots: 0x0 is null
stack at sp + 1 slots: 0x0000007d035fd070 is pointing into the stack for thread: 0x00000271ff806a70
stack at sp + 2 slots: 0x00000271dd17b818 points into unknown readable memory: 0x00007ff8b401fc38 | 38 fc 01 b4 f8 7f 00 00
stack at sp + 3 slots: 0x0000000000000070 is an unknown value
stack at sp + 4 slots: 0x00000271dd17b818 points into unknown readable memory: 0x00007ff8b401fc38 | 38 fc 01 b4 f8 7f 00 00
stack at sp + 5 slots: 0x00000271dcb8b190 points into unknown readable memory: 0x00007ff8b401fc38 | 38 fc 01 b4 f8 7f 00 00
stack at sp + 6 slots: 0x0000007d035fcc58 is pointing into the stack for thread: 0x00000271ff806a70
stack at sp + 7 slots: 0x00007ff8b3cea31b jvm.dll


---------------  P R O C E S S  ---------------

Threads class SMR info:
_java_thread_list=0x00000271da034c30, length=22, elements={
0x00000271f36265e0, 0x00000271ff7e8fc0, 0x00000271ff7e9ee0, 0x00000271ff7ee780,
0x00000271ff7f12f0, 0x00000271ff7f2160, 0x00000271ff7f2cf0, 0x00000271ff7fa8f0,
0x00000271ff804f30, 0x00000271d81bde20, 0x00000271ff806a70, 0x00000271d8376a80,
0x00000271d83770f0, 0x00000271d8efa500, 0x00000271d8b7f790, 0x00000271d9761f50,
0x00000271db7b1190, 0x00000271dbe0fe10, 0x00000271dc5862c0, 0x00000271dc586950,
0x00000271dc5855a0, 0x00000271ff8033f0
}

Java Threads: ( => current thread )
  0x00000271f36265e0 JavaThread "main"                              [_thread_blocked, id=13196, stack(0x0000007d02400000,0x0000007d02500000) (1024K)]
  0x00000271ff7e8fc0 JavaThread "Reference Handler"          daemon [_thread_blocked, id=6408, stack(0x0000007d02c00000,0x0000007d02d00000) (1024K)]
  0x00000271ff7e9ee0 JavaThread "Finalizer"                  daemon [_thread_blocked, id=14784, stack(0x0000007d02d00000,0x0000007d02e00000) (1024K)]
  0x00000271ff7ee780 JavaThread "Signal Dispatcher"          daemon [_thread_blocked, id=14440, stack(0x0000007d02e00000,0x0000007d02f00000) (1024K)]
  0x00000271ff7f12f0 JavaThread "Attach Listener"            daemon [_thread_blocked, id=8292, stack(0x0000007d02f00000,0x0000007d03000000) (1024K)]
  0x00000271ff7f2160 JavaThread "Service Thread"             daemon [_thread_blocked, id=11572, stack(0x0000007d03000000,0x0000007d03100000) (1024K)]
  0x00000271ff7f2cf0 JavaThread "Monitor Deflation Thread"   daemon [_thread_blocked, id=1420, stack(0x0000007d03100000,0x0000007d03200000) (1024K)]
  0x00000271ff7fa8f0 JavaThread "C2 CompilerThread0"         daemon [_thread_in_native, id=1176, stack(0x0000007d03200000,0x0000007d03300000) (1024K)]
  0x00000271ff804f30 JavaThread "C1 CompilerThread0"         daemon [_thread_blocked, id=14424, stack(0x0000007d03300000,0x0000007d03400000) (1024K)]
  0x00000271d81bde20 JavaThread "Common-Cleaner"             daemon [_thread_blocked, id=8860, stack(0x0000007d03400000,0x0000007d03500000) (1024K)]
=>0x00000271ff806a70 JavaThread "C2 CompilerThread1"         daemon [_thread_in_native, id=14716, stack(0x0000007d03500000,0x0000007d03600000) (1024K)]
  0x00000271d8376a80 JavaThread "Monitor Ctrl-Break"         daemon [_thread_in_native, id=9624, stack(0x0000007d03700000,0x0000007d03800000) (1024K)]
  0x00000271d83770f0 JavaThread "Notification Thread"        daemon [_thread_blocked, id=3584, stack(0x0000007d03800000,0x0000007d03900000) (1024K)]
  0x00000271d8efa500 JavaThread "Thread-0"                          [_thread_blocked, id=13880, stack(0x0000007d03e00000,0x0000007d03f00000) (1024K)]
  0x00000271d8b7f790 JavaThread "restartedMain"                     [_thread_in_vm, id=10912, stack(0x0000007d03f00000,0x0000007d04000000) (1024K)]
  0x00000271d9761f50 JavaThread "Catalina-utility-1"                [_thread_blocked, id=13596, stack(0x0000007d04300000,0x0000007d04400000) (1024K)]
  0x00000271db7b1190 JavaThread "Catalina-utility-2"                [_thread_blocked, id=14780, stack(0x0000007d04400000,0x0000007d04500000) (1024K)]
  0x00000271dbe0fe10 JavaThread "container-0"                       [_thread_blocked, id=1820, stack(0x0000007d04500000,0x0000007d04600000) (1024K)]
  0x00000271dc5862c0 JavaThread "mysql-cj-abandoned-connection-cleanup" daemon [_thread_blocked, id=6060, stack(0x0000007d04600000,0x0000007d04700000) (1024K)]
  0x00000271dc586950 JavaThread "HikariPool-1 housekeeper"   daemon [_thread_blocked, id=11668, stack(0x0000007d04800000,0x0000007d04900000) (1024K)]
  0x00000271dc5855a0 JavaThread "HikariPool-1 connection adder" daemon [_thread_blocked, id=10560, stack(0x0000007d04900000,0x0000007d04a00000) (1024K)]
  0x00000271ff8033f0 JavaThread "C2 CompilerThread2"         daemon [_thread_in_native, id=8760, stack(0x0000007d03600000,0x0000007d03700000) (1024K)]
Total: 22

Other Threads:
  0x00000271ff7c8c40 VMThread "VM Thread"                           [id=13664, stack(0x0000007d02b00000,0x0000007d02c00000) (1024K)]
  0x00000271ff7b3a20 WatcherThread "VM Periodic Task Thread"        [id=14532, stack(0x0000007d02a00000,0x0000007d02b00000) (1024K)]
  0x00000271f368bbc0 WorkerThread "GC Thread#0"                     [id=2612, stack(0x0000007d02500000,0x0000007d02600000) (1024K)]
  0x00000271d8937350 WorkerThread "GC Thread#1"                     [id=2636, stack(0x0000007d03900000,0x0000007d03a00000) (1024K)]
  0x00000271d9054690 WorkerThread "GC Thread#2"                     [id=10624, stack(0x0000007d03a00000,0x0000007d03b00000) (1024K)]
  0x00000271d9054a30 WorkerThread "GC Thread#3"                     [id=13856, stack(0x0000007d03b00000,0x0000007d03c00000) (1024K)]
  0x00000271d8fe6e90 WorkerThread "GC Thread#4"                     [id=13768, stack(0x0000007d03c00000,0x0000007d03d00000) (1024K)]
  0x00000271d8fe7230 WorkerThread "GC Thread#5"                     [id=7212, stack(0x0000007d03d00000,0x0000007d03e00000) (1024K)]
  0x00000271d908b800 WorkerThread "GC Thread#6"                     [id=3296, stack(0x0000007d04100000,0x0000007d04200000) (1024K)]
  0x00000271d919a1e0 WorkerThread "GC Thread#7"                     [id=11780, stack(0x0000007d04200000,0x0000007d04300000) (1024K)]
  0x00000271f369c9d0 ConcurrentGCThread "G1 Main Marker"            [id=13656, stack(0x0000007d02600000,0x0000007d02700000) (1024K)]
  0x00000271f369dc70 WorkerThread "G1 Conc#0"                       [id=1748, stack(0x0000007d02700000,0x0000007d02800000) (1024K)]
  0x00000271d919a580 WorkerThread "G1 Conc#1"                       [id=14936, stack(0x0000007d04000000,0x0000007d04100000) (1024K)]
  0x00000271f36dea80 ConcurrentGCThread "G1 Refine#0"               [id=2396, stack(0x0000007d02800000,0x0000007d02900000) (1024K)]
  0x00000271ff6846e0 ConcurrentGCThread "G1 Service"                [id=15256, stack(0x0000007d02900000,0x0000007d02a00000) (1024K)]
Total: 15

Threads with active compile tasks:
C2 CompilerThread0     5854 6084   !   4       org.springframework.core.annotation.AnnotationsScanner::processMethodHierarchy (276 bytes)
C2 CompilerThread1     5854 6089       4       jdk.internal.org.objectweb.asm.MethodWriter::computeAllFrames (510 bytes)
C2 CompilerThread2     5854 6076       4       org.springframework.core.annotation.TypeMappedAnnotations::get (52 bytes)
Total: 3

VM state: not at safepoint (normal execution)

VM Mutex/Monitor currently owned by a thread: None

Heap address: 0x0000000703800000, size: 4040 MB, Compressed Oops mode: Zero based, Oop shift amount: 3

CDS archive(s) mapped at: [0x0000027193000000-0x0000027193c90000-0x0000027193c90000), size 13172736, SharedBaseAddress: 0x0000027193000000, ArchiveRelocationMode: 1.
Compressed class space mapped at: 0x0000027194000000-0x00000271d4000000, reserved size: 1073741824
Narrow klass base: 0x0000027193000000, Narrow klass shift: 0, Narrow klass range: 0x100000000

GC Precious Log:
 CardTable entry size: 512
 Card Set container configuration: InlinePtr #cards 4 size 8 Array Of Cards #cards 16 size 48 Howl #buckets 8 coarsen threshold 3686 Howl Bitmap #cards 512 size 80 coarsen threshold 460 Card regions per heap region 1 cards per card region 4096
 CPUs: 8 total, 8 available
 Memory: 16155M
 Large Page Support: Disabled
 NUMA Support: Disabled
 Compressed Oops: Enabled (Zero based)
 Heap Region Size: 2M
 Heap Min Capacity: 8M
 Heap Initial Capacity: 254M
 Heap Max Capacity: 4040M
 Pre-touch: Disabled
 Parallel Workers: 8
 Concurrent Workers: 2
 Concurrent Refinement Workers: 8
 Periodic GC: Disabled

Heap:
 garbage-first heap   total 102400K, used 29175K [0x0000000703800000, 0x0000000800000000)
  region size 2048K, 4 young (8192K), 2 survivors (4096K)
 Metaspace       used 60267K, committed 60928K, reserved 1114112K
  class space    used 7979K, committed 8320K, reserved 1048576K

Heap Regions: E=young(eden), S=young(survivor), O=old, HS=humongous(starts), HC=humongous(continues), CS=collection set, F=free, TAMS=top-at-mark-start, PB=parsable bottom
|   0|0x0000000703800000, 0x0000000703a00000, 0x0000000703a00000|100%| O|  |TAMS 0x0000000703800000| PB 0x0000000703800000| Untracked 
|   1|0x0000000703a00000, 0x0000000703c00000, 0x0000000703c00000|100%| O|  |TAMS 0x0000000703a00000| PB 0x0000000703a00000| Untracked 
|   2|0x0000000703c00000, 0x0000000703e00000, 0x0000000703e00000|100%| O|  |TAMS 0x0000000703c00000| PB 0x0000000703c00000| Untracked 
|   3|0x0000000703e00000, 0x0000000704000000, 0x0000000704000000|100%| O|  |TAMS 0x0000000703e00000| PB 0x0000000703e00000| Untracked 
|   4|0x0000000704000000, 0x0000000704200000, 0x0000000704200000|100%| O|  |TAMS 0x0000000704000000| PB 0x0000000704000000| Untracked 
|   5|0x0000000704200000, 0x0000000704400000, 0x0000000704400000|100%| O|  |TAMS 0x0000000704200000| PB 0x0000000704200000| Untracked 
|   6|0x0000000704400000, 0x0000000704600000, 0x0000000704600000|100%| O|  |TAMS 0x0000000704400000| PB 0x0000000704400000| Untracked 
|   7|0x0000000704600000, 0x0000000704600000, 0x0000000704800000|  0%| F|  |TAMS 0x0000000704600000| PB 0x0000000704600000| Untracked 
|   8|0x0000000704800000, 0x0000000704a00000, 0x0000000704a00000|100%| O|  |TAMS 0x0000000704800000| PB 0x0000000704800000| Untracked 
|   9|0x0000000704a00000, 0x0000000704c00000, 0x0000000704c00000|100%| O|  |TAMS 0x0000000704a00000| PB 0x0000000704a00000| Untracked 
|  10|0x0000000704c00000, 0x0000000704e00000, 0x0000000704e00000|100%| O|  |TAMS 0x0000000704c00000| PB 0x0000000704c00000| Untracked 
|  11|0x0000000704e00000, 0x0000000705000000, 0x0000000705000000|100%| O|  |TAMS 0x0000000704e00000| PB 0x0000000704e00000| Untracked 
|  12|0x0000000705000000, 0x00000007050c1aa0, 0x0000000705200000| 37%| O|Cm|TAMS 0x0000000705000000| PB 0x0000000705000000| Complete 
|  13|0x0000000705200000, 0x0000000705200000, 0x0000000705400000|  0%| F|  |TAMS 0x0000000705200000| PB 0x0000000705200000| Untracked 
|  14|0x0000000705400000, 0x0000000705400000, 0x0000000705600000|  0%| F|  |TAMS 0x0000000705400000| PB 0x0000000705400000| Untracked 
|  15|0x0000000705600000, 0x0000000705600000, 0x0000000705800000|  0%| F|  |TAMS 0x0000000705600000| PB 0x0000000705600000| Untracked 
|  16|0x0000000705800000, 0x0000000705800000, 0x0000000705a00000|  0%| F|  |TAMS 0x0000000705800000| PB 0x0000000705800000| Untracked 
|  17|0x0000000705a00000, 0x0000000705a00000, 0x0000000705c00000|  0%| F|  |TAMS 0x0000000705a00000| PB 0x0000000705a00000| Untracked 
|  18|0x0000000705c00000, 0x0000000705c00000, 0x0000000705e00000|  0%| F|  |TAMS 0x0000000705c00000| PB 0x0000000705c00000| Untracked 
|  19|0x0000000705e00000, 0x0000000705e00000, 0x0000000706000000|  0%| F|  |TAMS 0x0000000705e00000| PB 0x0000000705e00000| Untracked 
|  20|0x0000000706000000, 0x0000000706000000, 0x0000000706200000|  0%| F|  |TAMS 0x0000000706000000| PB 0x0000000706000000| Untracked 
|  21|0x0000000706200000, 0x0000000706200000, 0x0000000706400000|  0%| F|  |TAMS 0x0000000706200000| PB 0x0000000706200000| Untracked 
|  22|0x0000000706400000, 0x0000000706400000, 0x0000000706600000|  0%| F|  |TAMS 0x0000000706400000| PB 0x0000000706400000| Untracked 
|  23|0x0000000706600000, 0x0000000706600000, 0x0000000706800000|  0%| F|  |TAMS 0x0000000706600000| PB 0x0000000706600000| Untracked 
|  24|0x0000000706800000, 0x0000000706800000, 0x0000000706a00000|  0%| F|  |TAMS 0x0000000706800000| PB 0x0000000706800000| Untracked 
|  25|0x0000000706a00000, 0x0000000706a00000, 0x0000000706c00000|  0%| F|  |TAMS 0x0000000706a00000| PB 0x0000000706a00000| Untracked 
|  26|0x0000000706c00000, 0x0000000706c00000, 0x0000000706e00000|  0%| F|  |TAMS 0x0000000706c00000| PB 0x0000000706c00000| Untracked 
|  27|0x0000000706e00000, 0x0000000706e00000, 0x0000000707000000|  0%| F|  |TAMS 0x0000000706e00000| PB 0x0000000706e00000| Untracked 
|  28|0x0000000707000000, 0x0000000707000000, 0x0000000707200000|  0%| F|  |TAMS 0x0000000707000000| PB 0x0000000707000000| Untracked 
|  29|0x0000000707200000, 0x0000000707200000, 0x0000000707400000|  0%| F|  |TAMS 0x0000000707200000| PB 0x0000000707200000| Untracked 
|  30|0x0000000707400000, 0x0000000707400000, 0x0000000707600000|  0%| F|  |TAMS 0x0000000707400000| PB 0x0000000707400000| Untracked 
|  31|0x0000000707600000, 0x0000000707600000, 0x0000000707800000|  0%| F|  |TAMS 0x0000000707600000| PB 0x0000000707600000| Untracked 
|  32|0x0000000707800000, 0x0000000707800000, 0x0000000707a00000|  0%| F|  |TAMS 0x0000000707800000| PB 0x0000000707800000| Untracked 
|  33|0x0000000707a00000, 0x0000000707a00000, 0x0000000707c00000|  0%| F|  |TAMS 0x0000000707a00000| PB 0x0000000707a00000| Untracked 
|  34|0x0000000707c00000, 0x0000000707c00000, 0x0000000707e00000|  0%| F|  |TAMS 0x0000000707c00000| PB 0x0000000707c00000| Untracked 
|  35|0x0000000707e00000, 0x0000000707e00000, 0x0000000708000000|  0%| F|  |TAMS 0x0000000707e00000| PB 0x0000000707e00000| Untracked 
|  36|0x0000000708000000, 0x0000000708000000, 0x0000000708200000|  0%| F|  |TAMS 0x0000000708000000| PB 0x0000000708000000| Untracked 
|  37|0x0000000708200000, 0x0000000708200000, 0x0000000708400000|  0%| F|  |TAMS 0x0000000708200000| PB 0x0000000708200000| Untracked 
|  38|0x0000000708400000, 0x0000000708400000, 0x0000000708600000|  0%| F|  |TAMS 0x0000000708400000| PB 0x0000000708400000| Untracked 
|  39|0x0000000708600000, 0x0000000708600000, 0x0000000708800000|  0%| F|  |TAMS 0x0000000708600000| PB 0x0000000708600000| Untracked 
|  40|0x0000000708800000, 0x0000000708800000, 0x0000000708a00000|  0%| F|  |TAMS 0x0000000708800000| PB 0x0000000708800000| Untracked 
|  41|0x0000000708a00000, 0x0000000708a00000, 0x0000000708c00000|  0%| F|  |TAMS 0x0000000708a00000| PB 0x0000000708a00000| Untracked 
|  42|0x0000000708c00000, 0x0000000708c00000, 0x0000000708e00000|  0%| F|  |TAMS 0x0000000708c00000| PB 0x0000000708c00000| Untracked 
|  43|0x0000000708e00000, 0x0000000708e00000, 0x0000000709000000|  0%| F|  |TAMS 0x0000000708e00000| PB 0x0000000708e00000| Untracked 
|  44|0x0000000709000000, 0x0000000709000000, 0x0000000709200000|  0%| F|  |TAMS 0x0000000709000000| PB 0x0000000709000000| Untracked 
|  45|0x0000000709200000, 0x0000000709200000, 0x0000000709400000|  0%| F|  |TAMS 0x0000000709200000| PB 0x0000000709200000| Untracked 
|  46|0x0000000709400000, 0x0000000709600000, 0x0000000709600000|100%| E|  |TAMS 0x0000000709400000| PB 0x0000000709400000| Complete 
|  72|0x000000070c800000, 0x000000070c9bc3b8, 0x000000070ca00000| 86%| S|CS|TAMS 0x000000070c800000| PB 0x000000070c800000| Complete 
|  73|0x000000070ca00000, 0x000000070cc00000, 0x000000070cc00000|100%| S|CS|TAMS 0x000000070ca00000| PB 0x000000070ca00000| Complete 
| 126|0x0000000713400000, 0x0000000713600000, 0x0000000713600000|100%| E|CS|TAMS 0x0000000713400000| PB 0x0000000713400000| Complete 

Card table byte_map: [0x00000271fc5a0000,0x00000271fcd90000] _byte_map_base: 0x00000271f8d84000

Marking Bits: (CMBitMap*) 0x00000271f368c2c0
 Bits: [0x000002718f000000, 0x0000027192f20000)

Polling page: 0x00000271f1560000

Metaspace:

Usage:
  Non-class:     51.06 MB used.
      Class:      7.79 MB used.
       Both:     58.86 MB used.

Virtual space:
  Non-class space:       64.00 MB reserved,      51.38 MB ( 80%) committed,  1 nodes.
      Class space:        1.00 GB reserved,       8.12 MB ( <1%) committed,  1 nodes.
             Both:        1.06 GB reserved,      59.50 MB (  5%) committed. 

Chunk freelists:
   Non-Class:  12.20 MB
       Class:  7.75 MB
        Both:  19.95 MB

MaxMetaspaceSize: unlimited
CompressedClassSpaceSize: 1.00 GB
Initial GC threshold: 21.00 MB
Current GC threshold: 98.75 MB
CDS: on
 - commit_granule_bytes: 65536.
 - commit_granule_words: 8192.
 - virtual_space_node_default_size: 8388608.
 - enlarge_chunks_in_place: 1.
 - use_allocation_guard: 0.


Internal statistics:

num_allocs_failed_limit: 11.
num_arena_births: 850.
num_arena_deaths: 0.
num_vsnodes_births: 2.
num_vsnodes_deaths: 0.
num_space_committed: 952.
num_space_uncommitted: 0.
num_chunks_returned_to_freelist: 11.
num_chunks_taken_from_freelist: 2955.
num_chunk_merges: 11.
num_chunk_splits: 2094.
num_chunks_enlarged: 1573.
num_inconsistent_stats: 0.

CodeHeap 'non-profiled nmethods': size=120000Kb used=3137Kb max_used=3479Kb free=116862Kb
 bounds [0x0000027187ad0000, 0x0000027187e40000, 0x000002718f000000]
CodeHeap 'profiled nmethods': size=120000Kb used=10244Kb max_used=11119Kb free=109755Kb
 bounds [0x0000027180000000, 0x0000027180ae0000, 0x0000027187530000]
CodeHeap 'non-nmethods': size=5760Kb used=1712Kb max_used=1763Kb free=4047Kb
 bounds [0x0000027187530000, 0x00000271877a0000, 0x0000027187ad0000]
 total_blobs=6154 nmethods=5417 adapters=641
 compilation: enabled
              stopped_count=0, restarted_count=0
 full_count=0

Compilation events (20 events):
Event: 5.723 Thread 0x00000271ff804f30 6113       2       sun.invoke.util.VerifyType::isNullConversion (157 bytes)
Event: 5.724 Thread 0x00000271ff804f30 nmethod 6113 0x0000027180ada010 code [0x0000027180ada240, 0x0000027180ada920]
Event: 5.735 Thread 0x00000271ff804f30 6114       3       java.lang.invoke.MethodHandles::filterArgumentsWithCombiner (9 bytes)
Event: 5.735 Thread 0x00000271ff804f30 nmethod 6114 0x0000027180adab90 code [0x0000027180adad40, 0x0000027180adae78]
Event: 5.737 Thread 0x00000271ff804f30 6115       3       java.lang.Class::getDeclaredConstructors (27 bytes)
Event: 5.743 Thread 0x00000271ff804f30 nmethod 6115 0x0000027180adaf10 code [0x0000027180adb0e0, 0x0000027180adb348]
Event: 5.760 Thread 0x00000271ff804f30 6116       3       sun.reflect.generics.parser.SignatureParser::parseZeroOrMoreFormalTypeParameters (19 bytes)
Event: 5.760 Thread 0x00000271ff804f30 nmethod 6116 0x0000027180adb490 code [0x0000027180adb660, 0x0000027180adb8d8]
Event: 5.770 Thread 0x00000271ff804f30 6117       3       java.util.concurrent.atomic.AtomicLongArray::get (12 bytes)
Event: 5.770 Thread 0x00000271ff804f30 nmethod 6117 0x0000027180adb990 code [0x0000027180adbb80, 0x0000027180adc018]
Event: 5.770 Thread 0x00000271ff804f30 6118       3       java.lang.invoke.VarHandleLongs$Array::getVolatile (42 bytes)
Event: 5.770 Thread 0x00000271ff804f30 nmethod 6118 0x0000027180adc210 code [0x0000027180adc3c0, 0x0000027180adc710]
Event: 5.794 Thread 0x00000271ff804f30 6119       3       java.util.stream.FindOps$FindSink$OfRef$$Lambda/0x80000004e::get (8 bytes)
Event: 5.794 Thread 0x00000271ff804f30 nmethod 6119 0x0000027180028e90 code [0x0000027180029040, 0x00000271800292c8]
Event: 5.794 Thread 0x00000271ff804f30 6120       3       java.util.stream.Stream::of (13 bytes)
Event: 5.795 Thread 0x00000271ff804f30 nmethod 6120 0x00000271804c6990 code [0x00000271804c6b60, 0x00000271804c6e68]
Event: 5.799 Thread 0x00000271ff804f30 6121       3       org.springframework.core.SerializableTypeWrapper::unwrap (36 bytes)
Event: 5.800 Thread 0x00000271ff804f30 nmethod 6121 0x000002718007d190 code [0x000002718007d360, 0x000002718007d8b0]
Event: 5.800 Thread 0x00000271ff804f30 6122       1       java.util.concurrent.atomic.AtomicReference::get (5 bytes)
Event: 5.800 Thread 0x00000271ff804f30 nmethod 6122 0x0000027187ad0a10 code [0x0000027187ad0ba0, 0x0000027187ad0c70]

GC Heap History (20 events):
Event: 0.621 GC heap before
{Heap before GC invocations=0 (full 0):
 garbage-first heap   total 260096K, used 20480K [0x0000000703800000, 0x0000000800000000)
  region size 2048K, 11 young (22528K), 0 survivors (0K)
 Metaspace       used 4882K, committed 5056K, reserved 1114112K
  class space    used 542K, committed 640K, reserved 1048576K
}
Event: 0.626 GC heap after
{Heap after GC invocations=1 (full 0):
 garbage-first heap   total 260096K, used 8319K [0x0000000703800000, 0x0000000800000000)
  region size 2048K, 2 young (4096K), 2 survivors (4096K)
 Metaspace       used 4882K, committed 5056K, reserved 1114112K
  class space    used 542K, committed 640K, reserved 1048576K
}
Event: 1.159 GC heap before
{Heap before GC invocations=1 (full 0):
 garbage-first heap   total 260096K, used 30847K [0x0000000703800000, 0x0000000800000000)
  region size 2048K, 14 young (28672K), 2 survivors (4096K)
 Metaspace       used 11366K, committed 11712K, reserved 1114112K
  class space    used 1356K, committed 1536K, reserved 1048576K
}
Event: 1.164 GC heap after
{Heap after GC invocations=2 (full 0):
 garbage-first heap   total 260096K, used 9795K [0x0000000703800000, 0x0000000800000000)
  region size 2048K, 1 young (2048K), 1 survivors (2048K)
 Metaspace       used 11366K, committed 11712K, reserved 1114112K
  class space    used 1356K, committed 1536K, reserved 1048576K
}
Event: 2.341 GC heap before
{Heap before GC invocations=2 (full 0):
 garbage-first heap   total 260096K, used 67139K [0x0000000703800000, 0x0000000800000000)
  region size 2048K, 31 young (63488K), 1 survivors (2048K)
 Metaspace       used 21160K, committed 21504K, reserved 1114112K
  class space    used 2563K, committed 2752K, reserved 1048576K
}
Event: 2.349 GC heap after
{Heap after GC invocations=3 (full 0):
 garbage-first heap   total 260096K, used 14890K [0x0000000703800000, 0x0000000800000000)
  region size 2048K, 4 young (8192K), 4 survivors (8192K)
 Metaspace       used 21160K, committed 21504K, reserved 1114112K
  class space    used 2563K, committed 2752K, reserved 1048576K
}
Event: 3.104 GC heap before
{Heap before GC invocations=4 (full 0):
 garbage-first heap   total 61440K, used 43562K [0x0000000703800000, 0x0000000800000000)
  region size 2048K, 18 young (36864K), 4 survivors (8192K)
 Metaspace       used 26391K, committed 26880K, reserved 1114112K
  class space    used 3313K, committed 3520K, reserved 1048576K
}
Event: 3.113 GC heap after
{Heap after GC invocations=5 (full 0):
 garbage-first heap   total 61440K, used 17717K [0x0000000703800000, 0x0000000800000000)
  region size 2048K, 2 young (4096K), 2 survivors (4096K)
 Metaspace       used 26391K, committed 26880K, reserved 1114112K
  class space    used 3313K, committed 3520K, reserved 1048576K
}
Event: 3.606 GC heap before
{Heap before GC invocations=5 (full 0):
 garbage-first heap   total 61440K, used 44341K [0x0000000703800000, 0x0000000800000000)
  region size 2048K, 15 young (30720K), 2 survivors (4096K)
 Metaspace       used 31154K, committed 31680K, reserved 1114112K
  class space    used 3898K, committed 4096K, reserved 1048576K
}
Event: 3.612 GC heap after
{Heap after GC invocations=6 (full 0):
 garbage-first heap   total 61440K, used 20045K [0x0000000703800000, 0x0000000800000000)
  region size 2048K, 2 young (4096K), 2 survivors (4096K)
 Metaspace       used 31154K, committed 31680K, reserved 1114112K
  class space    used 3898K, committed 4096K, reserved 1048576K
}
Event: 3.877 GC heap before
{Heap before GC invocations=6 (full 0):
 garbage-first heap   total 61440K, used 32333K [0x0000000703800000, 0x0000000800000000)
  region size 2048K, 10 young (20480K), 2 survivors (4096K)
 Metaspace       used 35501K, committed 35968K, reserved 1114112K
  class space    used 4598K, committed 4800K, reserved 1048576K
}
Event: 3.879 GC heap after
{Heap after GC invocations=7 (full 0):
 garbage-first heap   total 61440K, used 20640K [0x0000000703800000, 0x0000000800000000)
  region size 2048K, 2 young (4096K), 2 survivors (4096K)
 Metaspace       used 35501K, committed 35968K, reserved 1114112K
  class space    used 4598K, committed 4800K, reserved 1048576K
}
Event: 4.555 GC heap before
{Heap before GC invocations=8 (full 0):
 garbage-first heap   total 61440K, used 47264K [0x0000000703800000, 0x0000000800000000)
  region size 2048K, 15 young (30720K), 2 survivors (4096K)
 Metaspace       used 46092K, committed 46656K, reserved 1114112K
  class space    used 5892K, committed 6144K, reserved 1048576K
}
Event: 4.559 GC heap after
{Heap after GC invocations=9 (full 0):
 garbage-first heap   total 61440K, used 23494K [0x0000000703800000, 0x0000000800000000)
  region size 2048K, 2 young (4096K), 2 survivors (4096K)
 Metaspace       used 46092K, committed 46656K, reserved 1114112K
  class space    used 5892K, committed 6144K, reserved 1048576K
}
Event: 5.016 GC heap before
{Heap before GC invocations=9 (full 0):
 garbage-first heap   total 61440K, used 48070K [0x0000000703800000, 0x0000000800000000)
  region size 2048K, 15 young (30720K), 2 survivors (4096K)
 Metaspace       used 54218K, committed 54848K, reserved 1114112K
  class space    used 7160K, committed 7424K, reserved 1048576K
}
Event: 5.023 GC heap after
{Heap after GC invocations=10 (full 0):
 garbage-first heap   total 61440K, used 25097K [0x0000000703800000, 0x0000000800000000)
  region size 2048K, 1 young (2048K), 1 survivors (2048K)
 Metaspace       used 54218K, committed 54848K, reserved 1114112K
  class space    used 7160K, committed 7424K, reserved 1048576K
}
Event: 5.496 GC heap before
{Heap before GC invocations=10 (full 0):
 garbage-first heap   total 61440K, used 47625K [0x0000000703800000, 0x0000000800000000)
  region size 2048K, 13 young (26624K), 1 survivors (2048K)
 Metaspace       used 57860K, committed 58560K, reserved 1114112K
  class space    used 7661K, committed 8000K, reserved 1048576K
}
Event: 5.499 GC heap after
{Heap after GC invocations=11 (full 0):
 garbage-first heap   total 161792K, used 25798K [0x0000000703800000, 0x0000000800000000)
  region size 2048K, 2 young (4096K), 2 survivors (4096K)
 Metaspace       used 57860K, committed 58560K, reserved 1114112K
  class space    used 7661K, committed 8000K, reserved 1048576K
}
Event: 5.738 GC heap before
{Heap before GC invocations=11 (full 0):
 garbage-first heap   total 161792K, used 33990K [0x0000000703800000, 0x0000000800000000)
  region size 2048K, 7 young (14336K), 2 survivors (4096K)
 Metaspace       used 59820K, committed 60416K, reserved 1114112K
  class space    used 7861K, committed 8128K, reserved 1048576K
}
Event: 5.743 GC heap after
{Heap after GC invocations=12 (full 0):
 garbage-first heap   total 161792K, used 27127K [0x0000000703800000, 0x0000000800000000)
  region size 2048K, 2 young (4096K), 2 survivors (4096K)
 Metaspace       used 59820K, committed 60416K, reserved 1114112K
  class space    used 7861K, committed 8128K, reserved 1048576K
}

Dll operation events (13 events):
Event: 0.009 Loaded shared library C:\Program Files\Java\jdk-21\bin\java.dll
Event: 0.050 Loaded shared library C:\Program Files\Java\jdk-21\bin\jsvml.dll
Event: 0.140 Loaded shared library C:\Program Files\Java\jdk-21\bin\zip.dll
Event: 0.144 Loaded shared library C:\Program Files\Java\jdk-21\bin\instrument.dll
Event: 0.149 Loaded shared library C:\Program Files\Java\jdk-21\bin\net.dll
Event: 0.150 Loaded shared library C:\Program Files\Java\jdk-21\bin\nio.dll
Event: 0.154 Loaded shared library C:\Program Files\Java\jdk-21\bin\zip.dll
Event: 0.247 Loaded shared library C:\Program Files\Java\jdk-21\bin\extnet.dll
Event: 0.278 Loaded shared library C:\Program Files\Java\jdk-21\bin\jimage.dll
Event: 0.568 Loaded shared library C:\Program Files\Java\jdk-21\bin\management.dll
Event: 0.571 Loaded shared library C:\Program Files\Java\jdk-21\bin\management_ext.dll
Event: 3.176 Loaded shared library C:\Program Files\Java\jdk-21\bin\sunmscapi.dll
Event: 3.740 Loaded shared library C:\Program Files\Java\jdk-21\bin\verify.dll

Deoptimization events (20 events):
Event: 5.799 Thread 0x00000271d8b7f790 Uncommon trap: trap_request=0xffffffde fr.pc=0x0000027187c7190c relative=0x000000000000030c
Event: 5.799 Thread 0x00000271d8b7f790 Uncommon trap: reason=class_check action=maybe_recompile pc=0x0000027187c7190c method=org.springframework.core.ResolvableType.calculateHashCode()I @ 23 c2
Event: 5.799 Thread 0x00000271d8b7f790 DEOPT PACKING pc=0x0000027187c7190c sp=0x0000007d03ffc150
Event: 5.799 Thread 0x00000271d8b7f790 DEOPT UNPACKING pc=0x00000271875846a2 sp=0x0000007d03ffc088 mode 2
Event: 5.799 Thread 0x00000271d8b7f790 Uncommon trap: trap_request=0xffffffde fr.pc=0x0000027187c586e8 relative=0x0000000000000488
Event: 5.799 Thread 0x00000271d8b7f790 Uncommon trap: reason=class_check action=maybe_recompile pc=0x0000027187c586e8 method=org.springframework.core.ResolvableType.equals(Ljava/lang/Object;)Z @ 78 c2
Event: 5.799 Thread 0x00000271d8b7f790 DEOPT PACKING pc=0x0000027187c586e8 sp=0x0000007d03ffca40
Event: 5.799 Thread 0x00000271d8b7f790 DEOPT UNPACKING pc=0x00000271875846a2 sp=0x0000007d03ffc9e0 mode 2
Event: 5.799 Thread 0x00000271d8b7f790 Uncommon trap: trap_request=0xffffffde fr.pc=0x0000027187c586e8 relative=0x0000000000000488
Event: 5.799 Thread 0x00000271d8b7f790 Uncommon trap: reason=class_check action=maybe_recompile pc=0x0000027187c586e8 method=org.springframework.core.ResolvableType.equals(Ljava/lang/Object;)Z @ 78 c2
Event: 5.799 Thread 0x00000271d8b7f790 DEOPT PACKING pc=0x0000027187c586e8 sp=0x0000007d03ffc5a0
Event: 5.799 Thread 0x00000271d8b7f790 DEOPT UNPACKING pc=0x00000271875846a2 sp=0x0000007d03ffc540 mode 2
Event: 5.800 Thread 0x00000271d8b7f790 Uncommon trap: trap_request=0xffffffde fr.pc=0x0000027187c92cb4 relative=0x00000000000006b4
Event: 5.800 Thread 0x00000271d8b7f790 Uncommon trap: reason=class_check action=maybe_recompile pc=0x0000027187c92cb4 method=org.springframework.util.ConcurrentReferenceHashMap$Segment.findInChain(Lorg/springframework/util/ConcurrentReferenceHashMap$Reference;Ljava/lang/Object;I)Lorg/springfra
Event: 5.800 Thread 0x00000271d8b7f790 DEOPT PACKING pc=0x0000027187c92cb4 sp=0x0000007d03ffcc60
Event: 5.800 Thread 0x00000271d8b7f790 DEOPT UNPACKING pc=0x00000271875846a2 sp=0x0000007d03ffca40 mode 2
Event: 5.800 Thread 0x00000271d8b7f790 Uncommon trap: trap_request=0xffffffde fr.pc=0x0000027187c92cb4 relative=0x00000000000006b4
Event: 5.800 Thread 0x00000271d8b7f790 Uncommon trap: reason=class_check action=maybe_recompile pc=0x0000027187c92cb4 method=org.springframework.util.ConcurrentReferenceHashMap$Segment.findInChain(Lorg/springframework/util/ConcurrentReferenceHashMap$Reference;Ljava/lang/Object;I)Lorg/springfra
Event: 5.800 Thread 0x00000271d8b7f790 DEOPT PACKING pc=0x0000027187c92cb4 sp=0x0000007d03ffcc60
Event: 5.800 Thread 0x00000271d8b7f790 DEOPT UNPACKING pc=0x00000271875846a2 sp=0x0000007d03ffca40 mode 2

Classes loaded (20 events):
Event: 4.852 Loading class java/util/ArrayList$ListItr
Event: 4.852 Loading class java/util/ArrayList$ListItr done
Event: 4.890 Loading class java/util/AbstractList$SubList
Event: 4.890 Loading class java/util/AbstractList$SubList done
Event: 4.947 Loading class java/lang/reflect/AnnotatedArrayType
Event: 4.947 Loading class java/lang/reflect/AnnotatedArrayType done
Event: 5.390 Loading class jdk/internal/loader/BootLoader$PackageHelper
Event: 5.390 Loading class jdk/internal/loader/BootLoader$PackageHelper done
Event: 5.495 Loading class javax/naming/Reference
Event: 5.496 Loading class javax/naming/Reference done
Event: 5.530 Loading class java/io/FileReader
Event: 5.530 Loading class java/io/FileReader done
Event: 5.559 Loading class java/lang/SafeVarargs
Event: 5.559 Loading class java/lang/SafeVarargs done
Event: 5.561 Loading class sun/reflect/generics/reflectiveObjects/GenericArrayTypeImpl
Event: 5.561 Loading class sun/reflect/generics/reflectiveObjects/GenericArrayTypeImpl done
Event: 5.593 Loading class java/util/concurrent/ConcurrentHashMap$TreeNode
Event: 5.593 Loading class java/util/concurrent/ConcurrentHashMap$TreeNode done
Event: 5.593 Loading class java/util/concurrent/ConcurrentHashMap$TreeBin
Event: 5.593 Loading class java/util/concurrent/ConcurrentHashMap$TreeBin done

Classes unloaded (0 events):
No events

Classes redefined (0 events):
No events

Internal exceptions (20 events):
Event: 5.189 Thread 0x00000271d8b7f790 Exception <a 'java/lang/NoSuchMethodError'{0x00000007069983e8}: 'java.lang.Object java.lang.invoke.DirectMethodHandle$Holder.newInvokeSpecial(java.lang.Object, java.lang.Object, int, java.lang.Object)'> (0x00000007069983e8) 
thrown [s\open\src\hotspot\share\interpreter\linkResolver.cpp, line 773]
Event: 5.189 Thread 0x00000271d8b7f790 Exception <a 'java/lang/NoSuchMethodError'{0x000000070699bd48}: 'java.lang.Object java.lang.invoke.Invokers$Holder.linkToTargetMethod(java.lang.Object, int, java.lang.Object, java.lang.Object)'> (0x000000070699bd48) 
thrown [s\open\src\hotspot\share\interpreter\linkResolver.cpp, line 773]
Event: 5.217 Thread 0x00000271d8b7f790 Exception <a 'java/lang/NoSuchMethodError'{0x0000000706762a18}: 'int java.lang.invoke.DirectMethodHandle$Holder.invokeStatic(java.lang.Object, int, java.lang.Object)'> (0x0000000706762a18) 
thrown [s\open\src\hotspot\share\interpreter\linkResolver.cpp, line 773]
Event: 5.219 Thread 0x00000271d8b7f790 Exception <a 'java/lang/NoSuchMethodError'{0x0000000706780248}: 'java.lang.Object java.lang.invoke.DirectMethodHandle$Holder.newInvokeSpecial(java.lang.Object, java.lang.Object, java.lang.Object, java.lang.Object, java.lang.Object, int, java.lang.Object)'> (0x0000000706780248) 
thrown [s\open\src\hotspot\share\interpreter\linkResolver.cpp, line 773]
Event: 5.242 Thread 0x00000271d8b7f790 Exception <a 'java/lang/NoSuchMethodError'{0x00000007064fb168}: 'java.lang.Object java.lang.invoke.DirectMethodHandle$Holder.newInvokeSpecial(java.lang.Object, java.lang.Object, java.lang.Object, java.lang.Object, java.lang.Object, java.lang.Object)'> (0x00000007064fb168) 
thrown [s\open\src\hotspot\share\interpreter\linkResolver.cpp, line 773]
Event: 5.248 Thread 0x00000271d8b7f790 Exception <a 'java/lang/NoSuchMethodError'{0x0000000706567cb0}: 'java.lang.Object java.lang.invoke.DirectMethodHandle$Holder.newInvokeSpecial(java.lang.Object, java.lang.Object, java.lang.Object, java.lang.Object, java.lang.Object, java.lang.Object, java.lang.Object, int)'> (0x0000000706567cb0) 
thrown [s\open\src\hotspot\share\interpreter\linkResolver.cpp, line 773]
Event: 5.248 Thread 0x00000271d8b7f790 Exception <a 'java/lang/NoSuchMethodError'{0x000000070656c210}: 'java.lang.Object java.lang.invoke.DirectMethodHandle$Holder.invokeSpecial(java.lang.Object, java.lang.Object, java.lang.Object, java.lang.Object, java.lang.Object, java.lang.Object, java.lang.Object, java.lang.Object, int)'> (0x000000070656c210) 
thrown [s\open\src\hotspot\share\interpreter\linkResolver.cpp, line 773]
Event: 5.248 Thread 0x00000271d8b7f790 Exception <a 'java/lang/NoSuchMethodError'{0x0000000706570228}: 'java.lang.Object java.lang.invoke.Invokers$Holder.linkToTargetMethod(java.lang.Object, java.lang.Object, java.lang.Object, java.lang.Object, java.lang.Object, java.lang.Object, int, java.lang.Object)'> (0x0000000706570228) 
thrown [s\open\src\hotspot\share\interpreter\linkResolver.cpp, line 773]
Event: 5.268 Thread 0x00000271d8b7f790 Exception <a 'java/lang/NoSuchMethodError'{0x000000070626b070}: 'java.lang.Object java.lang.invoke.DirectMethodHandle$Holder.newInvokeSpecial(java.lang.Object, java.lang.Object, int, java.lang.Object, int, java.lang.Object, java.lang.Object)'> (0x000000070626b070) 
thrown [s\open\src\hotspot\share\interpreter\linkResolver.cpp, line 773]
Event: 5.274 Thread 0x00000271d8b7f790 Exception <a 'java/lang/NoSuchMethodError'{0x00000007062acf38}: 'void java.lang.invoke.DirectMethodHandle$Holder.invokeInterface(java.lang.Object, java.lang.Object)'> (0x00000007062acf38) 
thrown [s\open\src\hotspot\share\interpreter\linkResolver.cpp, line 773]
Event: 5.473 Thread 0x00000271d8b7f790 Exception <a 'java/lang/NoSuchMethodError'{0x0000000705d72c68}: 'java.lang.Object java.lang.invoke.DirectMethodHandle$Holder.invokeSpecial(java.lang.Object, java.lang.Object, int, java.lang.Object, int)'> (0x0000000705d72c68) 
thrown [s\open\src\hotspot\share\interpreter\linkResolver.cpp, line 773]
Event: 5.504 Thread 0x00000271d8b7f790 Exception <a 'java/lang/NoSuchMethodError'{0x000000071346f600}: 'void java.lang.invoke.Invokers$Holder.invokeExact_MT(java.lang.Object, java.lang.Object, java.lang.Object, java.lang.Object)'> (0x000000071346f600) 
thrown [s\open\src\hotspot\share\interpreter\linkResolver.cpp, line 773]
Event: 5.531 Thread 0x00000271d8b7f790 Exception <a 'java/io/FileNotFoundException'{0x0000000713589788}> (0x0000000713589788) 
thrown [s\open\src\hotspot\share\prims\jni.cpp, line 520]
Event: 5.532 Thread 0x00000271d8b7f790 Exception <a 'java/io/FileNotFoundException'{0x00000007135938b0}> (0x00000007135938b0) 
thrown [s\open\src\hotspot\share\prims\jni.cpp, line 520]
Event: 5.547 Thread 0x00000271d8b7f790 Implicit null exception at 0x0000027187dd84c0 to 0x0000027187dd84f8
Event: 5.556 Thread 0x00000271d8b7f790 Implicit null exception at 0x0000027187d41a97 to 0x0000027187d41d18
Event: 5.594 Thread 0x00000271d8b7f790 Exception <a 'java/lang/IncompatibleClassChangeError'{0x000000070f56ad68}: Found class java.lang.Object, but interface was expected> (0x000000070f56ad68) 
thrown [s\open\src\hotspot\share\interpreter\linkResolver.cpp, line 840]
Event: 5.598 Thread 0x00000271d8b7f790 Implicit null exception at 0x0000027187dbf940 to 0x0000027187dc13f8
Event: 5.604 Thread 0x00000271d8b7f790 Exception <a 'java/lang/IncompatibleClassChangeError'{0x000000070f5e7000}: Found class java.lang.Object, but interface was expected> (0x000000070f5e7000) 
thrown [s\open\src\hotspot\share\interpreter\linkResolver.cpp, line 840]
Event: 5.647 Thread 0x00000271d8b7f790 Exception <a 'java/lang/IncompatibleClassChangeError'{0x000000070f32d7a8}: Found class java.lang.Object, but interface was expected> (0x000000070f32d7a8) 
thrown [s\open\src\hotspot\share\interpreter\linkResolver.cpp, line 840]

ZGC Phase Switch (0 events):
No events

VM Operations (20 events):
Event: 5.016 Executing VM operation: G1CollectForAllocation (G1 Evacuation Pause)
Event: 5.023 Executing VM operation: G1CollectForAllocation (G1 Evacuation Pause) done
Event: 5.098 Executing VM operation: ICBufferFull
Event: 5.098 Executing VM operation: ICBufferFull done
Event: 5.152 Executing VM operation: ICBufferFull
Event: 5.152 Executing VM operation: ICBufferFull done
Event: 5.256 Executing VM operation: HandshakeAllThreads (Deoptimize)
Event: 5.256 Executing VM operation: HandshakeAllThreads (Deoptimize) done
Event: 5.496 Executing VM operation: G1CollectForAllocation (G1 Evacuation Pause)
Event: 5.499 Executing VM operation: G1CollectForAllocation (G1 Evacuation Pause) done
Event: 5.563 Executing VM operation: HandshakeAllThreads (Deoptimize)
Event: 5.563 Executing VM operation: HandshakeAllThreads (Deoptimize) done
Event: 5.738 Executing VM operation: CollectForMetadataAllocation (Metadata GC Threshold)
Event: 5.743 Executing VM operation: CollectForMetadataAllocation (Metadata GC Threshold) done
Event: 5.776 Executing VM operation: G1PauseRemark
Event: 5.781 Executing VM operation: G1PauseRemark done
Event: 5.792 Executing VM operation: HandshakeAllThreads (Deoptimize)
Event: 5.792 Executing VM operation: HandshakeAllThreads (Deoptimize) done
Event: 5.796 Executing VM operation: G1PauseCleanup
Event: 5.796 Executing VM operation: G1PauseCleanup done

Events (20 events):
Event: 5.780 Thread 0x00000271ff7c8c40 flushing nmethod 0x0000027187beb710
Event: 5.780 Thread 0x00000271ff7c8c40 flushing nmethod 0x0000027187c08c10
Event: 5.780 Thread 0x00000271ff7c8c40 flushing nmethod 0x0000027187bf8b90
Event: 5.780 Thread 0x00000271ff7c8c40 flushing nmethod 0x0000027187be8890
Event: 5.780 Thread 0x00000271ff7c8c40 flushing nmethod 0x0000027187bac890
Event: 5.780 Thread 0x00000271ff7c8c40 flushing nmethod 0x0000027187bc7190
Event: 5.780 Thread 0x00000271ff7c8c40 flushing nmethod 0x0000027187ba9610
Event: 5.780 Thread 0x00000271ff7c8c40 flushing nmethod 0x0000027187bb7210
Event: 5.780 Thread 0x00000271ff7c8c40 flushing nmethod 0x0000027187bbee90
Event: 5.780 Thread 0x00000271ff7c8c40 flushing nmethod 0x0000027187b89490
Event: 5.780 Thread 0x00000271ff7c8c40 flushing nmethod 0x0000027187b9b310
Event: 5.780 Thread 0x00000271ff7c8c40 flushing nmethod 0x0000027187b83b90
Event: 5.780 Thread 0x00000271ff7c8c40 flushing nmethod 0x0000027187b87990
Event: 5.780 Thread 0x00000271ff7c8c40 flushing nmethod 0x0000027187b7d590
Event: 5.780 Thread 0x00000271ff7c8c40 flushing nmethod 0x0000027187b70110
Event: 5.780 Thread 0x00000271ff7c8c40 flushing nmethod 0x0000027187b54b90
Event: 5.780 Thread 0x00000271ff7c8c40 flushing nmethod 0x0000027187b54890
Event: 5.780 Thread 0x00000271ff7c8c40 flushing nmethod 0x0000027187b47e10
Event: 5.780 Thread 0x00000271ff7c8c40 flushing nmethod 0x0000027187b44f10
Event: 5.780 Thread 0x00000271ff7c8c40 flushing nmethod 0x0000027187ad0a10


Dynamic libraries:
0x00007ff7aaf30000 - 0x00007ff7aaf40000 	C:\Program Files\Java\jdk-21\bin\java.exe
0x00007ff954290000 - 0x00007ff9544a6000 	C:\Windows\SYSTEM32\ntdll.dll
0x00007ff9528e0000 - 0x00007ff9529a4000 	C:\Windows\System32\KERNEL32.DLL
0x00007ff951c10000 - 0x00007ff951fb7000 	C:\Windows\System32\KERNELBASE.dll
0x00007ff951890000 - 0x00007ff9519a1000 	C:\Windows\System32\ucrtbase.dll
0x00007ff934630000 - 0x00007ff934649000 	C:\Program Files\Java\jdk-21\bin\jli.dll
0x00007ff9344e0000 - 0x00007ff9344fb000 	C:\Program Files\Java\jdk-21\bin\VCRUNTIME140.dll
0x00007ff9521b0000 - 0x00007ff952262000 	C:\Windows\System32\ADVAPI32.dll
0x00007ff952780000 - 0x00007ff952827000 	C:\Windows\System32\msvcrt.dll
0x00007ff952830000 - 0x00007ff9528d8000 	C:\Windows\System32\sechost.dll
0x00007ff9516a0000 - 0x00007ff9516c8000 	C:\Windows\System32\bcrypt.dll
0x00007ff953e20000 - 0x00007ff953f35000 	C:\Windows\System32\RPCRT4.dll
0x00007ff953010000 - 0x00007ff9531be000 	C:\Windows\System32\USER32.dll
0x00007ff9515b0000 - 0x00007ff9515d6000 	C:\Windows\System32\win32u.dll
0x00007ff954100000 - 0x00007ff954129000 	C:\Windows\System32\GDI32.dll
0x00007ff951770000 - 0x00007ff951889000 	C:\Windows\System32\gdi32full.dll
0x00007ff9350e0000 - 0x00007ff935373000 	C:\Windows\WinSxS\amd64_microsoft.windows.common-controls_6595b64144ccf1df_6.0.22621.3235_none_270f74e173860f98\COMCTL32.dll
0x00007ff9516d0000 - 0x00007ff95176a000 	C:\Windows\System32\msvcp_win.dll
0x00007ff945d40000 - 0x00007ff945d4a000 	C:\Windows\SYSTEM32\VERSION.dll
0x00007ff9531c0000 - 0x00007ff9531f1000 	C:\Windows\System32\IMM32.DLL
0x00007ff936750000 - 0x00007ff93675c000 	C:\Program Files\Java\jdk-21\bin\vcruntime140_1.dll
0x00007ff92d4e0000 - 0x00007ff92d56e000 	C:\Program Files\Java\jdk-21\bin\msvcp140.dll
0x00007ff8b3690000 - 0x00007ff8b43a3000 	C:\Program Files\Java\jdk-21\bin\server\jvm.dll
0x00007ff9529c0000 - 0x00007ff952a31000 	C:\Windows\System32\WS2_32.dll
0x00007ff9507e0000 - 0x00007ff95082d000 	C:\Windows\SYSTEM32\POWRPROF.dll
0x00007ff947060000 - 0x00007ff947094000 	C:\Windows\SYSTEM32\WINMM.dll
0x00007ff9507c0000 - 0x00007ff9507d3000 	C:\Windows\SYSTEM32\UMPDC.dll
0x00007ff950660000 - 0x00007ff950678000 	C:\Windows\SYSTEM32\kernel.appcore.dll
0x00007ff936610000 - 0x00007ff93661a000 	C:\Program Files\Java\jdk-21\bin\jimage.dll
0x00007ff94efc0000 - 0x00007ff94f1f3000 	C:\Windows\SYSTEM32\DBGHELP.DLL
0x00007ff953220000 - 0x00007ff9535a8000 	C:\Windows\System32\combase.dll
0x00007ff952a40000 - 0x00007ff952b17000 	C:\Windows\System32\OLEAUT32.dll
0x00007ff91a500000 - 0x00007ff91a532000 	C:\Windows\SYSTEM32\dbgcore.DLL
0x00007ff951b20000 - 0x00007ff951b99000 	C:\Windows\System32\bcryptPrimitives.dll
0x00007ff94b3e0000 - 0x00007ff94b3ef000 	C:\Program Files\Java\jdk-21\bin\instrument.dll
0x00007ff92f210000 - 0x00007ff92f22f000 	C:\Program Files\Java\jdk-21\bin\java.dll
0x00007ff9535c0000 - 0x00007ff953e1c000 	C:\Windows\System32\SHELL32.dll
0x00007ff94f510000 - 0x00007ff94fe09000 	C:\Windows\SYSTEM32\windows.storage.dll
0x00007ff94f3d0000 - 0x00007ff94f50e000 	C:\Windows\SYSTEM32\wintypes.dll
0x00007ff954130000 - 0x00007ff954223000 	C:\Windows\System32\SHCORE.dll
0x00007ff952150000 - 0x00007ff9521ae000 	C:\Windows\System32\shlwapi.dll
0x00007ff9514e0000 - 0x00007ff951501000 	C:\Windows\SYSTEM32\profapi.dll
0x00007ff905880000 - 0x00007ff905957000 	C:\Program Files\Java\jdk-21\bin\jsvml.dll
0x00007ff92ea80000 - 0x00007ff92ea98000 	C:\Program Files\Java\jdk-21\bin\zip.dll
0x00007ff935870000 - 0x00007ff935880000 	C:\Program Files\Java\jdk-21\bin\net.dll
0x00007ff948cd0000 - 0x00007ff948e06000 	C:\Windows\SYSTEM32\WINHTTP.dll
0x00007ff950b50000 - 0x00007ff950bb9000 	C:\Windows\system32\mswsock.dll
0x00007ff92ed30000 - 0x00007ff92ed46000 	C:\Program Files\Java\jdk-21\bin\nio.dll
0x00007ff9344d0000 - 0x00007ff9344d7000 	C:\Program Files\Java\jdk-21\bin\extnet.dll
0x00007ff949720000 - 0x00007ff94972a000 	C:\Program Files\Java\jdk-21\bin\management.dll
0x00007ff9496f0000 - 0x00007ff9496fb000 	C:\Program Files\Java\jdk-21\bin\management_ext.dll
0x00007ff9535b0000 - 0x00007ff9535b8000 	C:\Windows\System32\PSAPI.DLL
0x00007ff950db0000 - 0x00007ff950dcb000 	C:\Windows\SYSTEM32\CRYPTSP.dll
0x00007ff950550000 - 0x00007ff950585000 	C:\Windows\system32\rsaenh.dll
0x00007ff950c50000 - 0x00007ff950c78000 	C:\Windows\SYSTEM32\USERENV.dll
0x00007ff950dd0000 - 0x00007ff950ddc000 	C:\Windows\SYSTEM32\CRYPTBASE.dll
0x00007ff950070000 - 0x00007ff95009d000 	C:\Windows\SYSTEM32\IPHLPAPI.DLL
0x00007ff9529b0000 - 0x00007ff9529b9000 	C:\Windows\System32\NSI.dll
0x00007ff9496e0000 - 0x00007ff9496ee000 	C:\Program Files\Java\jdk-21\bin\sunmscapi.dll
0x00007ff9519b0000 - 0x00007ff951b17000 	C:\Windows\System32\CRYPT32.dll
0x00007ff950f70000 - 0x00007ff950f9e000 	C:\Windows\SYSTEM32\ncrypt.dll
0x00007ff950f30000 - 0x00007ff950f67000 	C:\Windows\SYSTEM32\NTASN1.dll
0x00007ff92fab0000 - 0x00007ff92fac0000 	C:\Program Files\Java\jdk-21\bin\verify.dll
0x00007ff9500e0000 - 0x00007ff9501d9000 	C:\Windows\SYSTEM32\DNSAPI.dll
0x00007ff9467f0000 - 0x00007ff9467fa000 	C:\Windows\System32\rasadhlp.dll
0x00007ff945f20000 - 0x00007ff945fa3000 	C:\Windows\System32\fwpuclnt.dll

dbghelp: loaded successfully - version: 4.0.5 - missing functions: none
symbol engine: initialized successfully - sym options: 0x614 - pdb path: .;C:\Program Files\Java\jdk-21\bin;C:\Windows\SYSTEM32;C:\Windows\WinSxS\amd64_microsoft.windows.common-controls_6595b64144ccf1df_6.0.22621.3235_none_270f74e173860f98;C:\Program Files\Java\jdk-21\bin\server

VM Arguments:
jvm_args: -javaagent:D:\Приложения\IntelliJ IDEA Community Edition 2023.2.3\lib\idea_rt.jar=59492:D:\Приложения\IntelliJ IDEA Community Edition 2023.2.3\bin -Dfile.encoding=UTF-8 -Dsun.stdout.encoding=UTF-8 -Dsun.stderr.encoding=UTF-8 
java_command: com.la_shop.la_men.LaMenApplication
java_class_path (initial): D:\Уеба\СУБД\5 семестр\Курсовая\la_men\target\classes;C:\Users\A\.m2\repository\org\springframework\boot\spring-boot-starter-thymeleaf\3.1.5\spring-boot-starter-thymeleaf-3.1.5.jar;C:\Users\A\.m2\repository\org\springframework\boot\spring-boot-starter\3.1.5\spring-boot-starter-3.1.5.jar;C:\Users\A\.m2\repository\org\springframework\boot\spring-boot-starter-logging\3.1.5\spring-boot-starter-logging-3.1.5.jar;C:\Users\A\.m2\repository\ch\qos\logback\logback-classic\1.4.11\logback-classic-1.4.11.jar;C:\Users\A\.m2\repository\ch\qos\logback\logback-core\1.4.11\logback-core-1.4.11.jar;C:\Users\A\.m2\repository\org\apache\logging\log4j\log4j-to-slf4j\2.20.0\log4j-to-slf4j-2.20.0.jar;C:\Users\A\.m2\repository\org\slf4j\jul-to-slf4j\2.0.9\jul-to-slf4j-2.0.9.jar;C:\Users\A\.m2\repository\jakarta\annotation\jakarta.annotation-api\2.1.1\jakarta.annotation-api-2.1.1.jar;C:\Users\A\.m2\repository\org\yaml\snakeyaml\1.33\snakeyaml-1.33.jar;C:\Users\A\.m2\repository\org\thymeleaf\thymeleaf-spring6\3.1.2.RELEASE\thymeleaf-spring6-3.1.2.RELEASE.jar;C:\Users\A\.m2\repository\org\springframework\boot\spring-boot-starter-web\3.1.5\spring-boot-starter-web-3.1.5.jar;C:\Users\A\.m2\repository\org\springframework\boot\spring-boot-starter-json\3.1.5\spring-boot-starter-json-3.1.5.jar;C:\Users\A\.m2\repository\com\fasterxml\jackson\datatype\jackson-datatype-jdk8\2.15.3\jackson-datatype-jdk8-2.15.3.jar;C:\Users\A\.m2\repository\com\fasterxml\jackson\datatype\jackson-datatype-jsr310\2.15.3\jackson-datatype-jsr310-2.15.3.jar;C:\Users\A\.m2\repository\com\fasterxml\jackson\module\jackson-module-parameter-names\2.15.3\jackson-module-parameter-names-2.15.3.jar;C:\Users\A\.m2\repository\org\springframework\boot\spring-boot-starter-tomcat\3.1.5\spring-boot-starter-tomcat-3.1.5.jar;C:\Users\A\.m2\repository\org\apache\tomcat\embed\tomcat-embed-core\10.1.15\tomcat-embed-core-10.1.15.jar;C:\Users\A\.m2\repository\org\apache\tomcat\embed\tomcat-embed-el\10.1.15\tomcat-embed-el-10.1.15.jar;C:\Users\A\.m2\repository\org\apache\tomcat\embed\tomcat-embed-websocket\10.1.15\tomcat-embed-websocket-10.1.15.jar;C:\Users\A\.m2\repository\org\springframework\spring-webmvc\6.0.13\spring-webmvc-6.0.13.jar;C:\Users\A\.m2\repository\org\springframework\spring-aop\6.0.13\spring-aop-6.0.13.jar;C:\Users\A\.m2\repository\org\springframework\spring-context\6.0.13\spring-context-6.0.13.jar;C:\Users\A\.m2\repository\org\springframework\spring-expression\6.0.13\spring-expression-6.0.13.jar;C:\Users\A\.m2\repository\org\springframework\boot\spring-boot-devtools\3.1.5\spring-boot-devtools-3.1.5.jar;C:\Users\A\.m2\repository\org\springframework\boot\spring-boot\3.1.5\spring-boot-3.1.5.jar;C:\Users\A\.m2\repository\org\springframework\boot\spring-boot-autoconfigure\3.1.5\spring-boot-autoconfigure-3.1.5.jar;C:\Users\A\.m2\repository\org\springframework\boot\spring-boot-starter-data-jpa\3.1.5\spring-boot-starter-data-jpa-3.1.5.jar;C:\Users\A\.m2\repository\org\springframework\boot\spring-boot-starter-aop\3.1.5\spring-boot-starter-aop-3.1.5.jar;C:\Users\A\.m2\repository\org\aspectj\aspectjweaver\1.9.20\aspectjweaver-1.9.20.jar;C:\Users\A\.m2\repository\org\springframework\boot\spring-boot-starter-jdbc\3.1.5\spring-boot-starter-jdbc-3.1.5.jar;C:\Users\A\.m2\repository\com\zaxxer\HikariCP\5.0.1\HikariCP-5.0.1.jar;C:\Users\A\.m2\repository\org\springframework\spring-jdbc\6.0.13\spring-jdbc-6.0.13.jar;C:\Users\A\.m2\repository\org\hibernate\orm\hibernate-core\6.2.13.Final\hibernate-core-6.2.13.Final.jar;C:\Users\A\.m2\repository\jakarta\persistence\jakarta.persistence-api\3.1.0\jakarta.persistence-api-3.1.0.jar;C:\Users\A\.m2\repository\jakarta\transaction\jakarta.transaction-api\2.0.1\jakarta.transaction-api-2.0.1.jar;C:\Users\A\.m2\repository\org\jboss\logging\jboss-logging\3.5.3.Final\jboss-logging-3.5.3.Final.jar;C:\Users\A\.m2\repository\org\hibernate\common\hibernate-commons-annotations\6.0.6.Final\hibernate-commons-annotations-6.0.6.Final.jar;C:\Users\A\.m2\repository\io\smallrye\jandex\3.0.5\jandex-3.0.5.jar;C:\Users\A\.m2\repository\com\fasterxml\classmate\1.5.1\classmate-1.5.1.jar;C:\Users\A\.m2\repository\net\bytebuddy\byte-buddy\1.14.9\byte-buddy-1.14.9.jar;C:\Users\A\.m2\repository\org\glassfish\jaxb\jaxb-runtime\4.0.3\jaxb-runtime-4.0.3.jar;C:\Users\A\.m2\repository\org\glassfish\jaxb\jaxb-core\4.0.3\jaxb-core-4.0.3.jar;C:\Users\A\.m2\repository\org\glassfish\jaxb\txw2\4.0.3\txw2-4.0.3.jar;C:\Users\A\.m2\repository\com\sun\istack\istack-commons-runtime\4.1.2\istack-commons-runtime-4.1.2.jar;C:\Users\A\.m2\repository\jakarta\inject\jakarta.inject-api\2.0.1\jakarta.inject-api-2.0.1.jar;C:\Users\A\.m2\repository\org\antlr\antlr4-runtime\4.10.1\antlr4-runtime-4.10.1.jar;C:\Users\A\.m2\repository\org\springframework\data\spring-data-jpa\3.1.5\spring-data-jpa-3.1.5.jar;C:\Users\A\.m2\repository\org\springframework\data\spring-data-commons\3.1.5\spring-data-commons-3.1.5.jar;C:\Users\A\.m2\repository\org\springframework\spring-orm\6.0.13\spring-orm-6.0.13.jar;C:\Users\A\.m2\repository\org\springframework\spring-tx\6.0.13\spring-tx-6.0.13.jar;C:\Users\A\.m2\repository\org\springframework\spring-aspects\6.0.13\spring-aspects-6.0.13.jar;C:\Users\A\.m2\repository\com\mysql\mysql-connector-j\8.0.33\mysql-connector-j-8.0.33.jar;C:\Users\A\.m2\repository\jakarta\xml\bind\jakarta.xml.bind-api\4.0.1\jakarta.xml.bind-api-4.0.1.jar;C:\Users\A\.m2\repository\jakarta\activation\jakarta.activation-api\2.1.2\jakarta.activation-api-2.1.2.jar;C:\Users\A\.m2\repository\org\springframework\spring-core\6.0.13\spring-core-6.0.13.jar;C:\Users\A\.m2\repository\org\springframework\spring-jcl\6.0.13\spring-jcl-6.0.13.jar;C:\Users\A\.m2\repository\org\mindrot\jbcrypt\0.4\jbcrypt-0.4.jar;C:\Users\A\.m2\repository\org\springframework\boot\spring-boot-starter-mail\3.1.5\spring-boot-starter-mail-3.1.5.jar;C:\Users\A\.m2\repository\org\springframework\spring-context-support\6.0.13\spring-context-support-6.0.13.jar;C:\Users\A\.m2\repository\org\eclipse\angus\jakarta.mail\1.1.0\jakarta.mail-1.1.0.jar;C:\Users\A\.m2\repository\org\eclipse\angus\angus-activation\2.0.1\angus-activation-2.0.1.jar;C:\Users\A\.m2\repository\javax\mail\javax.mail-api\1.6.2\javax.mail-api-1.6.2.jar;C:\Users\A\.m2\repository\org\thymeleaf\extras\thymeleaf-extras-java8time\3.0.4.RELEASE\thymeleaf-extras-java8time-3.0.4.RELEASE.jar;C:\Users\A\.m2\repository\org\thymeleaf\thymeleaf\3.1.2.RELEASE\thymeleaf-3.1.2.RELEASE.jar;C:\Users\A\.m2\repository\ognl\ognl\3.3.4\ognl-3.3.4.jar;C:\Users\A\.m2\repository\org\javassist\javassist\3.29.0-GA\javassist-3.29.0-GA.jar;C:\Users\A\.m2\repository\org\attoparser\attoparser\2.0.7.RELEASE\attoparser-2.0.7.RELEASE.jar;C:\Users\A\.m2\repository\org\unbescape\unbescape\1.1.6.RELEASE\unbescape-1.1.6.RELEASE.jar;C:\Users\A\.m2\repository\org\slf4j\slf4j-api\2.0.9\slf4j-api-2.0.9.jar;C:\Users\A\.m2\repository\com\fasterxml\jackson\core\jackson-databind\2.13.3\jackson-databind-2.13.3.jar;C:\Users\A\.m2\repository\com\fasterxml\jackson\core\jackson-annotations\2.15.3\jackson-annotations-2.15.3.jar;C:\Users\A\.m2\repository\com\fasterxml\jackson\core\jackson-core\2.15.3\jackson-core-2.15.3.jar;C:\Users\A\.m2\repository\com\itextpdf\itextpdf\5.5.13\itextpdf-5.5.13.jar;C:\Users\A\.m2\repository\org\apache\poi\poi\5.2.0\poi-5.2.0.jar;C:\Users\A\.m2\repository\commons-codec\commons-codec\1.15\commons-codec-1.15.jar;C:\Users\A\.m2\repository\org\apache\commons\commons-collections4\4.4\commons-collections4-4.4.jar;C:\Users\A\.m2\repository\org\apache\commons\commons-math3\3.6.1\commons-math3-3.6.1.jar;C:\Users\A\.m2\repository\commons-io\commons-io\2.11.0\commons-io-2.11.0.jar;C:\Users\A\.m2\repository\com\zaxxer\SparseBitSet\1.2\SparseBitSet-1.2.jar;C:\Users\A\.m2\repository\org\apache\logging\log4j\log4j-api\2.20.0\log4j-api-2.20.0.jar;C:\Users\A\.m2\repository\org\apache\poi\poi-ooxml\5.2.0\poi-ooxml-5.2.0.jar;C:\Users\A\.m2\repository\org\apache\poi\poi-ooxml-lite\5.2.0\poi-ooxml-lite-5.2.0.jar;C:\Users\A\.m2\repository\org\apache\xmlbeans\xmlbeans\5.0.3\xmlbeans-5.0.3.jar;C:\Users\A\.m2\repository\org\apache\commons\commons-compress\1.21\commons-compress-1.21.jar;C:\Users\A\.m2\repository\com\github\virtuald\curvesapi\1.06\curvesapi-1.06.jar;C:\Users\A\.m2\repository\org\springframework\spring-web\6.0.13\spring-web-6.0.13.jar;C:\Users\A\.m2\repository\org\springframework\spring-beans\6.0.13\spring-beans-6.0.13.jar;C:\Users\A\.m2\repository\io\micrometer\micrometer-observation\1.11.5\micrometer-observation-1.11.5.jar;C:\Users\A\.m2\repository\io\micrometer\micrometer-commons\1.11.5\micrometer-commons-1.11.5.jar
Launcher Type: SUN_STANDARD

[Global flags]
     intx CICompilerCount                          = 4                                         {product} {ergonomic}
     uint ConcGCThreads                            = 2                                         {product} {ergonomic}
     uint G1ConcRefinementThreads                  = 8                                         {product} {ergonomic}
   size_t G1HeapRegionSize                         = 2097152                                   {product} {ergonomic}
    uintx GCDrainStackTargetSize                   = 64                                        {product} {ergonomic}
   size_t InitialHeapSize                          = 266338304                                 {product} {ergonomic}
   size_t MarkStackSize                            = 4194304                                   {product} {ergonomic}
   size_t MaxHeapSize                              = 4236247040                                {product} {ergonomic}
   size_t MaxNewSize                               = 2541748224                                {product} {ergonomic}
   size_t MinHeapDeltaBytes                        = 2097152                                   {product} {ergonomic}
   size_t MinHeapSize                              = 8388608                                   {product} {ergonomic}
    uintx NonNMethodCodeHeapSize                   = 5839372                                {pd product} {ergonomic}
    uintx NonProfiledCodeHeapSize                  = 122909434                              {pd product} {ergonomic}
    uintx ProfiledCodeHeapSize                     = 122909434                              {pd product} {ergonomic}
    uintx ReservedCodeCacheSize                    = 251658240                              {pd product} {ergonomic}
     bool SegmentedCodeCache                       = true                                      {product} {ergonomic}
   size_t SoftMaxHeapSize                          = 4236247040                             {manageable} {ergonomic}
     bool UseCompressedOops                        = true                           {product lp64_product} {ergonomic}
     bool UseG1GC                                  = true                                      {product} {ergonomic}
     bool UseLargePagesIndividualAllocation        = false                                  {pd product} {ergonomic}

Logging:
Log output configuration:
 #0: stdout all=warning uptime,level,tags foldmultilines=false
 #1: stderr all=off uptime,level,tags foldmultilines=false

Environment Variables:
PATH=C:\Program Files\Common Files\Oracle\Java\javapath;C:\Windows\system32;C:\Windows;C:\Windows\System32\Wbem;C:\Windows\System32\WindowsPowerShell\v1.0\;C:\Windows\System32\OpenSSH\;C:\Users\A\AppData\Local\Programs\Python\Python311\Scripts;C:\Program Files (x86)\dotnet\;C:\Program Files\Azure Data Studio\bin;D:\Приложения\Git\cmd;C:\Program Files\Microsoft SQL Server\Client SDK\ODBC\170\Tools\Binn\;C:\Program Files (x86)\Microsoft SQL Server\150\Tools\Binn\;C:\Program Files\Microsoft SQL Server\150\Tools\Binn\;C:\Program Files\Microsoft SQL Server\150\DTS\Binn\;C:\Program Files (x86)\Microsoft SQL Server\160\DTS\Binn\;C:\Program Files\dotnet\;C:\ProgramData\chocolatey\bin;C:\Program Files\nodejs\;C:\Windows\System32;C:\Program Files\Azure Data Studio\bin;D:\Приложения\Microsoft VS Code\bin;C:\Users\A\.dotnet\tools;C:\Users\A\AppData\Roaming\npm
USERNAME=A
OS=Windows_NT
PROCESSOR_IDENTIFIER=Intel64 Family 6 Model 165 Stepping 2, GenuineIntel
TMP=C:\Users\A\AppData\Local\Temp
TEMP=C:\Users\A\AppData\Local\Temp




---------------  S Y S T E M  ---------------

OS:
 Windows 11 , 64 bit Build 22621 (10.0.22621.3374)
OS uptime: 0 days 4:38 hours

CPU: total 8 (initial active 8) (4 cores per cpu, 2 threads per core) family 6 model 165 stepping 2 microcode 0xe0, cx8, cmov, fxsr, ht, mmx, 3dnowpref, sse, sse2, sse3, ssse3, sse4.1, sse4.2, popcnt, lzcnt, tsc, tscinvbit, avx, avx2, aes, erms, clmul, bmi1, bmi2, adx, fma, vzeroupper, clflush, clflushopt, rdtscp, f16c, pku
Processor Information for all 8 processors :
  Max Mhz: 2496, Current Mhz: 2496, Mhz Limit: 2496

Memory: 4k page, system-wide physical 16155M (6776M free)
TotalPageFile size 18587M (AvailPageFile size 6930M)
current process WorkingSet (physical memory assigned to process): 268M, peak: 268M
current process commit charge ("private bytes"): 400M, peak: 426M

vm_info: Java HotSpot(TM) 64-Bit Server VM (21+35-LTS-2513) for windows-amd64 JRE (21+35-LTS-2513), built on 2023-08-09T20:25:10Z by "mach5one" with MS VC++ 17.1 (VS2022)

END.
