#
# A fatal error has been detected by the Java Runtime Environment:
#
#  EXCEPTION_ACCESS_VIOLATION (0xc0000005) at pc=0x00007ffddad3505a, pid=1380, tid=5544
#
# JRE version: Java(TM) SE Runtime Environment (21.0+35) (build 21+35-LTS-2513)
# Java VM: Java HotSpot(TM) 64-Bit Server VM (21+35-LTS-2513, mixed mode, sharing, tiered, compressed oops, compressed class ptrs, g1 gc, windows-amd64)
# Problematic frame:
# V  [jvm.dll+0x5f505a]
#
# No core dump will be written. Minidumps are not enabled by default on client versions of Windows
#
# If you would like to submit a bug report, please visit:
#   https://bugreport.java.com/bugreport/crash.jsp
#

---------------  S U M M A R Y ------------

Command Line: -javaagent:D:\Приложения\IntelliJ IDEA Community Edition 2023.2.3\lib\idea_rt.jar=57566:D:\Приложения\IntelliJ IDEA Community Edition 2023.2.3\bin -Dfile.encoding=UTF-8 -Dsun.stdout.encoding=UTF-8 -Dsun.stderr.encoding=UTF-8 com.la_shop.la_men.LaMenApplication

Host: Intel(R) Core(TM) i5-10300H CPU @ 2.50GHz, 8 cores, 15G,  Windows 11 , 64 bit Build 22621 (10.0.22621.3235)
Time: Thu Mar 21 12:15:54 2024 RTZ 2 (s 11 , 64 bit Build 22621 (10.0.22621.3235) elapsed time: 11.608782 seconds (0d 0h 0m 11s)

---------------  T H R E A D  ---------------

Current thread (0x000001c24fa8bad0):  JavaThread "C2 CompilerThread2" daemon [_thread_in_native, id=5544, stack(0x000000c08f100000,0x000000c08f200000) (1024K)]


Current CompileTask:
C2:  11608 7294       4       org.springframework.core.annotation.TypeMappedAnnotations::get (52 bytes)

Stack: [0x000000c08f100000,0x000000c08f200000],  sp=0x000000c08f1fc0a0,  free space=1008k
Native frames: (J=compiled Java code, j=interpreted, Vv=VM code, C=native code)
V  [jvm.dll+0x5f505a]
V  [jvm.dll+0x5f4f91]
V  [jvm.dll+0x5f4118]
V  [jvm.dll+0x25291f]
V  [jvm.dll+0x252cef]
V  [jvm.dll+0x24b464]
V  [jvm.dll+0x248cd3]
V  [jvm.dll+0x1c9b91]
V  [jvm.dll+0x2583e9]
V  [jvm.dll+0x2569ca]
V  [jvm.dll+0x3eef66]
V  [jvm.dll+0x7fd2c8]
V  [jvm.dll+0x6c748d]
C  [ucrtbase.dll+0x29363]
C  [KERNEL32.DLL+0x1257d]
C  [ntdll.dll+0x5aa58]


siginfo: EXCEPTION_ACCESS_VIOLATION (0xc0000005), reading address 0x0000000400000001


Registers:
RAX=0x0000000400000001, RBX=0x000000c08f1fc480, RCX=0x000000c08f1fc480, RDX=0x000001c24c186400
RSP=0x000000c08f1fc0a0, RBP=0x0000000000000013, RSI=0x000001c24c186400, RDI=0x0000000000000001
R8 =0x0000000000000001, R9 =0x000000c08f1fc480, R10=0x000000000000039b, R11=0x8080808080808080
R12=0x000000c08f1fc1a0, R13=0x000000c08f1fc180, R14=0x0000000000000000, R15=0x000001c24c186400
RIP=0x00007ffddad3505a, EFLAGS=0x0000000000010293


Register to memory mapping:

RAX=0x0000000400000001 is an unknown value
RBX=0x000000c08f1fc480 is pointing into the stack for thread: 0x000001c24fa8bad0
RCX=0x000000c08f1fc480 is pointing into the stack for thread: 0x000001c24fa8bad0
RDX=0x000001c24c186400 points into unknown readable memory: 0x0000000300000003 | 03 00 00 00 03 00 00 00
RSP=0x000000c08f1fc0a0 is pointing into the stack for thread: 0x000001c24fa8bad0
RBP=0x0000000000000013 is an unknown value
RSI=0x000001c24c186400 points into unknown readable memory: 0x0000000300000003 | 03 00 00 00 03 00 00 00
RDI=0x0000000000000001 is an unknown value
R8 =0x0000000000000001 is an unknown value
R9 =0x000000c08f1fc480 is pointing into the stack for thread: 0x000001c24fa8bad0
R10=0x000000000000039b is an unknown value
R11=0x8080808080808080 is an unknown value
R12=0x000000c08f1fc1a0 is pointing into the stack for thread: 0x000001c24fa8bad0
R13=0x000000c08f1fc180 is pointing into the stack for thread: 0x000001c24fa8bad0
R14=0x0 is null
R15=0x000001c24c186400 points into unknown readable memory: 0x0000000300000003 | 03 00 00 00 03 00 00 00

Top of Stack: (sp=0x000000c08f1fc0a0)
0x000000c08f1fc0a0:   000000c08f1fc480 000001c24b8ec330
0x000000c08f1fc0b0:   000001c24b4ae7c0 00007ffddadd5837
0x000000c08f1fc0c0:   000001c24b4adb00 0000000000000002
0x000000c08f1fc0d0:   000000c08f1fc1c0 0000000000000002
0x000000c08f1fc0e0:   0000000000000000 00007ffddad34f91
0x000000c08f1fc0f0:   0000000000000013 0000000000001000
0x000000c08f1fc100:   000000c08f1fc1a0 000000c08f1fc180
0x000000c08f1fc110:   000001c266c97370 0000000000000000
0x000000c08f1fc120:   000001c24bf0a3b8 000000c08f1fc250
0x000000c08f1fc130:   000001c24bb23200 0000000000000000
0x000000c08f1fc140:   000000c08f1fc480 00007ffddad34118
0x000000c08f1fc150:   000000c08f1fc480 0000000000000001
0x000000c08f1fc160:   000000c000000000 000000c08f1fc1c0
0x000000c08f1fc170:   000001c2000003ff 0000000000000678
0x000000c08f1fc180:   000001c24f95ee00 000001c200002000
0x000000c08f1fc190:   000001c250fca8a0 00000000000006c6
0x000000c08f1fc1a0:   0000000000000200 000001c24b2b9900
0x000000c08f1fc1b0:   0000000100000200 000001c24f95ee00
0x000000c08f1fc1c0:   000001c25081a8b0 000001c25082cd50
0x000000c08f1fc1d0:   000001c25081a8c0 000001c24f95ee00
0x000000c08f1fc1e0:   000001c24f95ee00 0000000000000004
0x000000c08f1fc1f0:   000001c24ebdef90 000001c200000000
0x000000c08f1fc200:   000001c266c97370 00007ffddaf4f45f
0x000000c08f1fc210:   00000000000003ff 000001c24e3e9120
0x000000c08f1fc220:   0000000000000000 00007ffdda920518
0x000000c08f1fc230:   000001c250c77740 00007ffddaf4f45f
0x000000c08f1fc240:   000001c250c77740 000001c24bf0ab10
0x000000c08f1fc250:   0000000000000001 000000c023012002
0x000000c08f1fc260:   000000c08f1fc850 0000000000000000
0x000000c08f1fc270:   000001c24b1fdd60 00007ffdda994421
0x000000c08f1fc280:   0000000000000000 00007ffddb2f7098
0x000000c08f1fc290:   000001c264a90000 0000000000000000 

Instructions: (pc=0x00007ffddad3505a)
0x00007ffddad34f5a:   07 48 3b 47 08 72 08 48 8b cf e8 77 0a 0b 00 48
0x00007ffddad34f6a:   8b 07 4c 8b 4c 24 60 4c 89 38 4c 8b fb 44 89 70
0x00007ffddad34f7a:   08 8b 4b 20 e9 9a fe ff ff 41 b0 01 49 8b d7 49
0x00007ffddad34f8a:   8b c9 e8 5f 00 00 00 48 8b 07 48 3b 47 10 72 1c
0x00007ffddad34f9a:   4c 8b 38 44 8b 70 08 48 83 c0 f0 4c 8b 4c 24 60
0x00007ffddad34faa:   41 8b 4f 20 48 89 07 e9 6a fe ff ff 41 8b 45 18
0x00007ffddad34fba:   4c 8b 4c 24 60 85 c0 0f 85 f9 fd ff ff 4c 8b 7c
0x00007ffddad34fca:   24 20 4c 8b 74 24 28 48 8b 74 24 30 48 8b 6c 24
0x00007ffddad34fda:   38 48 8b 5c 24 68 48 83 c4 40 41 5d 41 5c 5f c3
0x00007ffddad34fea:   cc cc cc cc cc cc 40 53 56 57 48 83 ec 30 83 7a
0x00007ffddad34ffa:   18 02 41 0f b6 f8 48 8b f2 48 8b d9 75 3f 48 8b
0x00007ffddad3500a:   02 48 8b ca ff 10 3d 87 00 00 00 74 0d 48 8b 06
0x00007ffddad3501a:   48 8b ce ff 10 83 f8 37 75 23 48 8b 43 10 83 78
0x00007ffddad3502a:   74 00 75 19 80 7b 60 00 75 13 48 8b 4b 38 48 8b
0x00007ffddad3503a:   d6 48 8b 89 68 09 00 00 e8 c9 bb ad ff 48 8b 46
0x00007ffddad3504a:   08 48 89 6c 24 50 4c 89 64 24 60 4c 89 6c 24 68
0x00007ffddad3505a:   48 8b 08 4c 89 74 24 28 4c 89 7c 24 20 48 85 c9
0x00007ffddad3506a:   0f 84 e4 00 00 00 48 83 79 10 00 0f 84 d3 04 00
0x00007ffddad3507a:   00 48 8b 06 48 8b ce ff 10 8b c8 3d 4d 01 00 00
0x00007ffddad3508a:   7f 2b 74 43 83 e9 1f 81 f9 c7 00 00 00 77 3b 48
0x00007ffddad3509a:   63 c1 48 8d 15 5d af a0 ff 0f b6 84 02 98 55 5f
0x00007ffddad350aa:   00 8b 8c 82 90 55 5f 00 48 03 ca ff e1 81 e9 4f
0x00007ffddad350ba:   01 00 00 74 12 83 e9 01 74 0d 83 e9 01 74 08 81
0x00007ffddad350ca:   f9 a0 00 00 00 75 03 40 32 ff 8b 4e 2c 8b c1 83
0x00007ffddad350da:   e0 7f 3c 44 0f 84 a0 00 00 00 83 e1 1f 80 f9 14
0x00007ffddad350ea:   0f 84 94 00 00 00 40 84 ff 0f 84 8b 00 00 00 48
0x00007ffddad350fa:   8b 06 48 8b ce ff 50 10 84 c0 74 05 48 8b c6 eb
0x00007ffddad3510a:   14 48 8b d6 48 8b cb e8 ea cb fe ff 48 85 c0 0f
0x00007ffddad3511a:   84 50 04 00 00 8b 48 28 3b 4b 20 73 0d 48 8b 43
0x00007ffddad3512a:   28 48 8b 0c c8 48 85 c9 75 04 48 8b 4b 40 48 83
0x00007ffddad3513a:   79 10 00 0f 85 0b 04 00 00 48 83 c1 38 48 8b d6
0x00007ffddad3514a:   e8 31 65 a9 ff e9 fa 03 00 00 48 8b 06 48 8b ce 


Stack slot to memory mapping:

stack at sp + 0 slots: 0x000000c08f1fc480 is pointing into the stack for thread: 0x000001c24fa8bad0
stack at sp + 1 slots: 0x000001c24b8ec330 points into unknown readable memory: 0x00007ffddb0cf788 | 88 f7 0c db fd 7f 00 00
stack at sp + 2 slots: 0x000001c24b4ae7c0 points into unknown readable memory: 0x00007ffddb0cfb70 | 70 fb 0c db fd 7f 00 00
stack at sp + 3 slots: 0x00007ffddadd5837 jvm.dll
stack at sp + 4 slots: 0x000001c24b4adb00 points into unknown readable memory: 0x00007ffddb0cf6c8 | c8 f6 0c db fd 7f 00 00
stack at sp + 5 slots: 0x0000000000000002 is an unknown value
stack at sp + 6 slots: 0x000000c08f1fc1c0 is pointing into the stack for thread: 0x000001c24fa8bad0
stack at sp + 7 slots: 0x0000000000000002 is an unknown value


---------------  P R O C E S S  ---------------

Threads class SMR info:
_java_thread_list=0x000001c24d17b6c0, length=22, elements={
0x000001c266c87670, 0x000001c27febc380, 0x000001c27febd2a0, 0x000001c27febfaf0,
0x000001c27fec0750, 0x000001c27fec38d0, 0x000001c27fec4460, 0x000001c27fecba50,
0x000001c27feccb60, 0x000001c24b1ef030, 0x000001c24b832d70, 0x000001c24b8333e0,
0x000001c24b937430, 0x000001c24b924990, 0x000001c24d6955b0, 0x000001c24ea4e3b0,
0x000001c24e8a67d0, 0x000001c24bc088b0, 0x000001c24bc08220, 0x000001c24bc095d0,
0x000001c24ee58f30, 0x000001c24fa8bad0
}

Java Threads: ( => current thread )
  0x000001c266c87670 JavaThread "main"                              [_thread_blocked, id=17204, stack(0x000000c08d400000,0x000000c08d500000) (1024K)]
  0x000001c27febc380 JavaThread "Reference Handler"          daemon [_thread_blocked, id=22860, stack(0x000000c08dc00000,0x000000c08dd00000) (1024K)]
  0x000001c27febd2a0 JavaThread "Finalizer"                  daemon [_thread_blocked, id=25000, stack(0x000000c08dd00000,0x000000c08de00000) (1024K)]
  0x000001c27febfaf0 JavaThread "Signal Dispatcher"          daemon [_thread_blocked, id=11968, stack(0x000000c08de00000,0x000000c08df00000) (1024K)]
  0x000001c27fec0750 JavaThread "Attach Listener"            daemon [_thread_blocked, id=18168, stack(0x000000c08df00000,0x000000c08e000000) (1024K)]
  0x000001c27fec38d0 JavaThread "Service Thread"             daemon [_thread_blocked, id=7208, stack(0x000000c08e000000,0x000000c08e100000) (1024K)]
  0x000001c27fec4460 JavaThread "Monitor Deflation Thread"   daemon [_thread_blocked, id=18140, stack(0x000000c08e100000,0x000000c08e200000) (1024K)]
  0x000001c27fecba50 JavaThread "C2 CompilerThread0"         daemon [_thread_in_native, id=5788, stack(0x000000c08e200000,0x000000c08e300000) (1024K)]
  0x000001c27feccb60 JavaThread "C1 CompilerThread0"         daemon [_thread_blocked, id=19600, stack(0x000000c08e300000,0x000000c08e400000) (1024K)]
  0x000001c24b1ef030 JavaThread "Common-Cleaner"             daemon [_thread_blocked, id=14384, stack(0x000000c08e400000,0x000000c08e500000) (1024K)]
  0x000001c24b832d70 JavaThread "Monitor Ctrl-Break"         daemon [_thread_in_native, id=17080, stack(0x000000c08e600000,0x000000c08e700000) (1024K)]
  0x000001c24b8333e0 JavaThread "Notification Thread"        daemon [_thread_blocked, id=24552, stack(0x000000c08e700000,0x000000c08e800000) (1024K)]
  0x000001c24b937430 JavaThread "Thread-0"                          [_thread_blocked, id=2648, stack(0x000000c08ef00000,0x000000c08f000000) (1024K)]
  0x000001c24b924990 JavaThread "restartedMain"                     [_thread_in_native, id=19752, stack(0x000000c08e500000,0x000000c08e600000) (1024K)]
  0x000001c24d6955b0 JavaThread "Catalina-utility-1"                [_thread_blocked, id=11368, stack(0x000000c08f300000,0x000000c08f400000) (1024K)]
  0x000001c24ea4e3b0 JavaThread "Catalina-utility-2"                [_thread_blocked, id=24496, stack(0x000000c08f400000,0x000000c08f500000) (1024K)]
  0x000001c24e8a67d0 JavaThread "container-0"                       [_thread_blocked, id=5756, stack(0x000000c08f500000,0x000000c08f600000) (1024K)]
  0x000001c24bc088b0 JavaThread "mysql-cj-abandoned-connection-cleanup" daemon [_thread_blocked, id=300, stack(0x000000c08f600000,0x000000c08f700000) (1024K)]
  0x000001c24bc08220 JavaThread "HikariPool-1 housekeeper"   daemon [_thread_blocked, id=20312, stack(0x000000c08f800000,0x000000c08f900000) (1024K)]
  0x000001c24bc095d0 JavaThread "HikariPool-1 connection adder" daemon [_thread_blocked, id=13148, stack(0x000000c08f900000,0x000000c08fa00000) (1024K)]
  0x000001c24ee58f30 JavaThread "C2 CompilerThread1"         daemon [_thread_in_native, id=14404, stack(0x000000c08f000000,0x000000c08f100000) (1024K)]
=>0x000001c24fa8bad0 JavaThread "C2 CompilerThread2"         daemon [_thread_in_native, id=5544, stack(0x000000c08f100000,0x000000c08f200000) (1024K)]
Total: 22

Other Threads:
  0x000001c27fe9d690 VMThread "VM Thread"                           [id=12176, stack(0x000000c08db00000,0x000000c08dc00000) (1024K)]
  0x000001c27fe81f50 WatcherThread "VM Periodic Task Thread"        [id=24216, stack(0x000000c08da00000,0x000000c08db00000) (1024K)]
  0x000001c266cefd40 WorkerThread "GC Thread#0"                     [id=13996, stack(0x000000c08d500000,0x000000c08d600000) (1024K)]
  0x000001c24c1f1d20 WorkerThread "GC Thread#1"                     [id=7612, stack(0x000000c08e800000,0x000000c08e900000) (1024K)]
  0x000001c24bb15470 WorkerThread "GC Thread#2"                     [id=16952, stack(0x000000c08e900000,0x000000c08ea00000) (1024K)]
  0x000001c24bf9b140 WorkerThread "GC Thread#3"                     [id=19980, stack(0x000000c08ea00000,0x000000c08eb00000) (1024K)]
  0x000001c24bf9b4e0 WorkerThread "GC Thread#4"                     [id=24660, stack(0x000000c08eb00000,0x000000c08ec00000) (1024K)]
  0x000001c24ba51c50 WorkerThread "GC Thread#5"                     [id=18520, stack(0x000000c08ec00000,0x000000c08ed00000) (1024K)]
  0x000001c24ba1b0c0 WorkerThread "GC Thread#6"                     [id=15776, stack(0x000000c08ed00000,0x000000c08ee00000) (1024K)]
  0x000001c24c27fea0 WorkerThread "GC Thread#7"                     [id=27516, stack(0x000000c08ee00000,0x000000c08ef00000) (1024K)]
  0x000001c266d00b50 ConcurrentGCThread "G1 Main Marker"            [id=20008, stack(0x000000c08d600000,0x000000c08d700000) (1024K)]
  0x000001c266d01df0 WorkerThread "G1 Conc#0"                       [id=15592, stack(0x000000c08d700000,0x000000c08d800000) (1024K)]
  0x000001c24dd98150 WorkerThread "G1 Conc#1"                       [id=12624, stack(0x000000c08f200000,0x000000c08f300000) (1024K)]
  0x000001c27fd55e20 ConcurrentGCThread "G1 Refine#0"               [id=3880, stack(0x000000c08d800000,0x000000c08d900000) (1024K)]
  0x000001c27fd56990 ConcurrentGCThread "G1 Service"                [id=23816, stack(0x000000c08d900000,0x000000c08da00000) (1024K)]
Total: 15

Threads with active compile tasks:
C2 CompilerThread0    11658 7342   !   4       org.springframework.core.annotation.AnnotationsScanner::processMethodHierarchy (276 bytes)
C2 CompilerThread1    11658 7353       4       org.springframework.core.annotation.TypeMappedAnnotations$MergedAnnotationFinder::doWithAnnotations (10 bytes)
C2 CompilerThread2    11658 7294       4       org.springframework.core.annotation.TypeMappedAnnotations::get (52 bytes)
Total: 3

VM state: not at safepoint (normal execution)

VM Mutex/Monitor currently owned by a thread: None

Heap address: 0x0000000703800000, size: 4040 MB, Compressed Oops mode: Zero based, Oop shift amount: 3

CDS archive(s) mapped at: [0x000001c206000000-0x000001c206c90000-0x000001c206c90000), size 13172736, SharedBaseAddress: 0x000001c206000000, ArchiveRelocationMode: 1.
Compressed class space mapped at: 0x000001c207000000-0x000001c247000000, reserved size: 1073741824
Narrow klass base: 0x000001c206000000, Narrow klass shift: 0, Narrow klass range: 0x100000000

GC Precious Log:
 CardTable entry size: 512
 Card Set container configuration: InlinePtr #cards 4 size 8 Array Of Cards #cards 16 size 48 Howl #buckets 8 coarsen threshold 3686 Howl Bitmap #cards 512 size 80 coarsen threshold 460 Card regions per heap region 1 cards per card region 4096
 CPUs: 8 total, 8 available
 Memory: 16155M
 Large Page Support: Disabled
 NUMA Support: Disabled
 Compressed Oops: Enabled (Zero based)
 Heap Region Size: 2M
 Heap Min Capacity: 8M
 Heap Initial Capacity: 254M
 Heap Max Capacity: 4040M
 Pre-touch: Disabled
 Parallel Workers: 8
 Concurrent Workers: 2
 Concurrent Refinement Workers: 8
 Periodic GC: Disabled

Heap:
 garbage-first heap   total 81920K, used 58604K [0x0000000703800000, 0x0000000800000000)
  region size 2048K, 17 young (34816K), 3 survivors (6144K)
 Metaspace       used 67882K, committed 68608K, reserved 1114112K
  class space    used 9214K, committed 9536K, reserved 1048576K

Heap Regions: E=young(eden), S=young(survivor), O=old, HS=humongous(starts), HC=humongous(continues), CS=collection set, F=free, TAMS=top-at-mark-start, PB=parsable bottom
|   0|0x0000000703800000, 0x0000000703a00000, 0x0000000703a00000|100%| O|  |TAMS 0x0000000703800000| PB 0x0000000703800000| Untracked 
|   1|0x0000000703a00000, 0x0000000703c00000, 0x0000000703c00000|100%| O|  |TAMS 0x0000000703a00000| PB 0x0000000703a00000| Untracked 
|   2|0x0000000703c00000, 0x0000000703c00000, 0x0000000703e00000|  0%| F|  |TAMS 0x0000000703c00000| PB 0x0000000703c00000| Untracked 
|   3|0x0000000703e00000, 0x0000000704000000, 0x0000000704000000|100%| O|  |TAMS 0x0000000703e00000| PB 0x0000000703e00000| Untracked 
|   4|0x0000000704000000, 0x0000000704200000, 0x0000000704200000|100%| O|  |TAMS 0x0000000704000000| PB 0x0000000704000000| Untracked 
|   5|0x0000000704200000, 0x0000000704400000, 0x0000000704400000|100%| O|  |TAMS 0x0000000704200000| PB 0x0000000704200000| Untracked 
|   6|0x0000000704400000, 0x0000000704600000, 0x0000000704600000|100%| O|  |TAMS 0x0000000704400000| PB 0x0000000704400000| Untracked 
|   7|0x0000000704600000, 0x0000000704800000, 0x0000000704800000|100%| O|  |TAMS 0x0000000704600000| PB 0x0000000704600000| Untracked 
|   8|0x0000000704800000, 0x0000000704a00000, 0x0000000704a00000|100%| O|  |TAMS 0x0000000704800000| PB 0x0000000704800000| Untracked 
|   9|0x0000000704a00000, 0x0000000704c00000, 0x0000000704c00000|100%| O|  |TAMS 0x0000000704a00000| PB 0x0000000704a00000| Untracked 
|  10|0x0000000704c00000, 0x0000000704e00000, 0x0000000704e00000|100%| O|  |TAMS 0x0000000704c00000| PB 0x0000000704c00000| Untracked 
|  11|0x0000000704e00000, 0x0000000705000000, 0x0000000705000000|100%| O|  |TAMS 0x0000000704e00000| PB 0x0000000704e00000| Untracked 
|  12|0x0000000705000000, 0x0000000705200000, 0x0000000705200000|100%| O|  |TAMS 0x0000000705000000| PB 0x0000000705000000| Untracked 
|  13|0x0000000705200000, 0x00000007053c02f8, 0x0000000705400000| 87%| O|  |TAMS 0x0000000705200000| PB 0x0000000705200000| Untracked 
|  14|0x0000000705400000, 0x0000000705400000, 0x0000000705600000|  0%| F|  |TAMS 0x0000000705400000| PB 0x0000000705400000| Untracked 
|  15|0x0000000705600000, 0x0000000705600000, 0x0000000705800000|  0%| F|  |TAMS 0x0000000705600000| PB 0x0000000705600000| Untracked 
|  16|0x0000000705800000, 0x0000000705800000, 0x0000000705a00000|  0%| F|  |TAMS 0x0000000705800000| PB 0x0000000705800000| Untracked 
|  17|0x0000000705a00000, 0x0000000705a00000, 0x0000000705c00000|  0%| F|  |TAMS 0x0000000705a00000| PB 0x0000000705a00000| Untracked 
|  18|0x0000000705c00000, 0x0000000705d7ada8, 0x0000000705e00000| 73%| S|CS|TAMS 0x0000000705c00000| PB 0x0000000705c00000| Complete 
|  19|0x0000000705e00000, 0x0000000706000000, 0x0000000706000000|100%| S|CS|TAMS 0x0000000705e00000| PB 0x0000000705e00000| Complete 
|  20|0x0000000706000000, 0x0000000706200000, 0x0000000706200000|100%| S|CS|TAMS 0x0000000706000000| PB 0x0000000706000000| Complete 
|  21|0x0000000706200000, 0x0000000706200000, 0x0000000706400000|  0%| F|  |TAMS 0x0000000706200000| PB 0x0000000706200000| Untracked 
|  22|0x0000000706400000, 0x0000000706400000, 0x0000000706600000|  0%| F|  |TAMS 0x0000000706400000| PB 0x0000000706400000| Untracked 
|  23|0x0000000706600000, 0x0000000706600000, 0x0000000706800000|  0%| F|  |TAMS 0x0000000706600000| PB 0x0000000706600000| Untracked 
|  24|0x0000000706800000, 0x0000000706800000, 0x0000000706a00000|  0%| F|  |TAMS 0x0000000706800000| PB 0x0000000706800000| Untracked 
|  25|0x0000000706a00000, 0x0000000706a00000, 0x0000000706c00000|  0%| F|  |TAMS 0x0000000706a00000| PB 0x0000000706a00000| Untracked 
|  26|0x0000000706c00000, 0x0000000706e00000, 0x0000000706e00000|100%| E|  |TAMS 0x0000000706c00000| PB 0x0000000706c00000| Complete 
|  27|0x0000000706e00000, 0x0000000707000000, 0x0000000707000000|100%| E|CS|TAMS 0x0000000706e00000| PB 0x0000000706e00000| Complete 
|  28|0x0000000707000000, 0x0000000707200000, 0x0000000707200000|100%| E|CS|TAMS 0x0000000707000000| PB 0x0000000707000000| Complete 
|  29|0x0000000707200000, 0x0000000707400000, 0x0000000707400000|100%| E|CS|TAMS 0x0000000707200000| PB 0x0000000707200000| Complete 
|  30|0x0000000707400000, 0x0000000707600000, 0x0000000707600000|100%| E|CS|TAMS 0x0000000707400000| PB 0x0000000707400000| Complete 
|  31|0x0000000707600000, 0x0000000707800000, 0x0000000707800000|100%| E|CS|TAMS 0x0000000707600000| PB 0x0000000707600000| Complete 
|  32|0x0000000707800000, 0x0000000707a00000, 0x0000000707a00000|100%| E|CS|TAMS 0x0000000707800000| PB 0x0000000707800000| Complete 
|  33|0x0000000707a00000, 0x0000000707c00000, 0x0000000707c00000|100%| E|CS|TAMS 0x0000000707a00000| PB 0x0000000707a00000| Complete 
|  34|0x0000000707c00000, 0x0000000707e00000, 0x0000000707e00000|100%| E|CS|TAMS 0x0000000707c00000| PB 0x0000000707c00000| Complete 
|  92|0x000000070f000000, 0x000000070f200000, 0x000000070f200000|100%| E|CS|TAMS 0x000000070f000000| PB 0x000000070f000000| Complete 
|  93|0x000000070f200000, 0x000000070f400000, 0x000000070f400000|100%| E|CS|TAMS 0x000000070f200000| PB 0x000000070f200000| Complete 
|  94|0x000000070f400000, 0x000000070f600000, 0x000000070f600000|100%| E|CS|TAMS 0x000000070f400000| PB 0x000000070f400000| Complete 
|  95|0x000000070f600000, 0x000000070f800000, 0x000000070f800000|100%| E|CS|TAMS 0x000000070f600000| PB 0x000000070f600000| Complete 
| 126|0x0000000713400000, 0x0000000713600000, 0x0000000713600000|100%| E|CS|TAMS 0x0000000713400000| PB 0x0000000713400000| Complete 

Card table byte_map: [0x000001c27ebf0000,0x000001c27f3e0000] _byte_map_base: 0x000001c27b3d4000

Marking Bits: (CMBitMap*) 0x000001c266cf0440
 Bits: [0x000001c200000000, 0x000001c203f20000)

Polling page: 0x000001c266440000

Metaspace:

Usage:
  Non-class:     57.29 MB used.
      Class:      9.00 MB used.
       Both:     66.29 MB used.

Virtual space:
  Non-class space:       64.00 MB reserved,      57.69 MB ( 90%) committed,  1 nodes.
      Class space:        1.00 GB reserved,       9.31 MB ( <1%) committed,  1 nodes.
             Both:        1.06 GB reserved,      67.00 MB (  6%) committed. 

Chunk freelists:
   Non-Class:  6.16 MB
       Class:  6.55 MB
        Both:  12.70 MB

MaxMetaspaceSize: unlimited
CompressedClassSpaceSize: 1.00 GB
Initial GC threshold: 21.00 MB
Current GC threshold: 99.69 MB
CDS: on
 - commit_granule_bytes: 65536.
 - commit_granule_words: 8192.
 - virtual_space_node_default_size: 8388608.
 - enlarge_chunks_in_place: 1.
 - use_allocation_guard: 0.


Internal statistics:

num_allocs_failed_limit: 15.
num_arena_births: 914.
num_arena_deaths: 0.
num_vsnodes_births: 2.
num_vsnodes_deaths: 0.
num_space_committed: 1072.
num_space_uncommitted: 0.
num_chunks_returned_to_freelist: 15.
num_chunks_taken_from_freelist: 3287.
num_chunk_merges: 15.
num_chunk_splits: 2334.
num_chunks_enlarged: 1793.
num_inconsistent_stats: 0.

CodeHeap 'non-profiled nmethods': size=120000Kb used=4289Kb max_used=4289Kb free=115710Kb
 bounds [0x000001c276ba0000, 0x000001c276fe0000, 0x000001c27e0d0000]
CodeHeap 'profiled nmethods': size=120000Kb used=12543Kb max_used=12543Kb free=107457Kb
 bounds [0x000001c26f0d0000, 0x000001c26fd10000, 0x000001c276600000]
CodeHeap 'non-nmethods': size=5760Kb used=1713Kb max_used=1813Kb free=4046Kb
 bounds [0x000001c276600000, 0x000001c276870000, 0x000001c276ba0000]
 total_blobs=7352 nmethods=6613 adapters=643
 compilation: enabled
              stopped_count=0, restarted_count=0
 full_count=0

Compilation events (20 events):
Event: 11.581 Thread 0x000001c27feccb60 7383   !   3       jdk.proxy2.$Proxy50::annotationType (29 bytes)
Event: 11.582 Thread 0x000001c27feccb60 nmethod 7383 0x000001c26fcfcc10 code [0x000001c26fcfcde0, 0x000001c26fcfd1e8]
Event: 11.582 Thread 0x000001c27feccb60 7382       3       org.springframework.beans.factory.support.ConstructorResolver::setCurrentInjectionPoint (32 bytes)
Event: 11.582 Thread 0x000001c27feccb60 nmethod 7382 0x000001c26fcfd390 code [0x000001c26fcfd5e0, 0x000001c26fcfe018]
Event: 11.590 Thread 0x000001c27feccb60 7384       3       org.springframework.beans.factory.support.AbstractBeanFactory::getBean (9 bytes)
Event: 11.590 Thread 0x000001c27feccb60 nmethod 7384 0x000001c26fcfe310 code [0x000001c26fcfe4c0, 0x000001c26fcfe6a0]
Event: 11.593 Thread 0x000001c24ee58f30 nmethod 7154 0x000001c276fc5e10 code [0x000001c276fc64c0, 0x000001c276fccce0]
Event: 11.593 Thread 0x000001c24ee58f30 7353       4       org.springframework.core.annotation.TypeMappedAnnotations$MergedAnnotationFinder::doWithAnnotations (10 bytes)
Event: 11.594 Thread 0x000001c27feccb60 7387       3       java.lang.Class::copyFields (36 bytes)
Event: 11.595 Thread 0x000001c27feccb60 nmethod 7387 0x000001c26fcfe790 code [0x000001c26fcfea00, 0x000001c26fcff4b0]
Event: 11.595 Thread 0x000001c27feccb60 7386       3       org.springframework.orm.jpa.support.PersistenceAnnotationBeanPostProcessor$$Lambda/0x000001c2072dea90::<init> (15 bytes)
Event: 11.595 Thread 0x000001c27feccb60 nmethod 7386 0x000001c26fcff910 code [0x000001c26fcffac0, 0x000001c26fcffcf8]
Event: 11.595 Thread 0x000001c27feccb60 7388       3       org.springframework.orm.jpa.support.PersistenceAnnotationBeanPostProcessor$$Lambda/0x000001c2072decb0::<init> (20 bytes)
Event: 11.595 Thread 0x000001c27feccb60 nmethod 7388 0x000001c26fcffd90 code [0x000001c26fcfff40, 0x000001c26fd001d8]
Event: 11.601 Thread 0x000001c27feccb60 7390   !   3       jdk.proxy2.$Proxy38::annotationType (29 bytes)
Event: 11.601 Thread 0x000001c27feccb60 nmethod 7390 0x000001c26fd00290 code [0x000001c26fd00460, 0x000001c26fd00868]
Event: 11.602 Thread 0x000001c27feccb60 7391   !   3       jdk.proxy2.$Proxy7::annotationType (29 bytes)
Event: 11.602 Thread 0x000001c27feccb60 nmethod 7391 0x000001c26fd00a10 code [0x000001c26fd00be0, 0x000001c26fd00fe8]
Event: 11.602 Thread 0x000001c27feccb60 7392       3       org.springframework.aop.scope.ScopedProxyUtils::isScopedTarget (19 bytes)
Event: 11.602 Thread 0x000001c27feccb60 nmethod 7392 0x000001c26fd01190 code [0x000001c26fd01340, 0x000001c26fd01578]

GC Heap History (20 events):
Event: 3.073 GC heap before
{Heap before GC invocations=1 (full 0):
 garbage-first heap   total 260096K, used 31465K [0x0000000703800000, 0x0000000800000000)
  region size 2048K, 13 young (26624K), 2 survivors (4096K)
 Metaspace       used 10749K, committed 11008K, reserved 1114112K
  class space    used 1281K, committed 1408K, reserved 1048576K
}
Event: 3.078 GC heap after
{Heap after GC invocations=2 (full 0):
 garbage-first heap   total 260096K, used 11016K [0x0000000703800000, 0x0000000800000000)
  region size 2048K, 1 young (2048K), 1 survivors (2048K)
 Metaspace       used 10749K, committed 11008K, reserved 1114112K
  class space    used 1281K, committed 1408K, reserved 1048576K
}
Event: 4.853 GC heap before
{Heap before GC invocations=2 (full 0):
 garbage-first heap   total 260096K, used 68360K [0x0000000703800000, 0x0000000800000000)
  region size 2048K, 31 young (63488K), 1 survivors (2048K)
 Metaspace       used 21162K, committed 21504K, reserved 1114112K
  class space    used 2550K, committed 2752K, reserved 1048576K
}
Event: 4.860 GC heap after
{Heap after GC invocations=3 (full 0):
 garbage-first heap   total 260096K, used 15694K [0x0000000703800000, 0x0000000800000000)
  region size 2048K, 4 young (8192K), 4 survivors (8192K)
 Metaspace       used 21162K, committed 21504K, reserved 1114112K
  class space    used 2550K, committed 2752K, reserved 1048576K
}
Event: 6.952 GC heap before
{Heap before GC invocations=4 (full 0):
 garbage-first heap   total 69632K, used 66894K [0x0000000703800000, 0x0000000800000000)
  region size 2048K, 29 young (59392K), 4 survivors (8192K)
 Metaspace       used 29608K, committed 30208K, reserved 1114112K
  class space    used 3714K, committed 3968K, reserved 1048576K
}
Event: 6.964 GC heap after
{Heap after GC invocations=5 (full 0):
 garbage-first heap   total 81920K, used 20505K [0x0000000703800000, 0x0000000800000000)
  region size 2048K, 6 young (12288K), 6 survivors (12288K)
 Metaspace       used 29608K, committed 30208K, reserved 1114112K
  class space    used 3714K, committed 3968K, reserved 1048576K
}
Event: 7.523 GC heap before
{Heap before GC invocations=5 (full 0):
 garbage-first heap   total 81920K, used 40985K [0x0000000703800000, 0x0000000800000000)
  region size 2048K, 17 young (34816K), 6 survivors (12288K)
 Metaspace       used 35470K, committed 35968K, reserved 1114112K
  class space    used 4584K, committed 4800K, reserved 1048576K
}
Event: 7.532 GC heap after
{Heap after GC invocations=6 (full 0):
 garbage-first heap   total 81920K, used 21741K [0x0000000703800000, 0x0000000800000000)
  region size 2048K, 1 young (2048K), 1 survivors (2048K)
 Metaspace       used 35470K, committed 35968K, reserved 1114112K
  class space    used 4584K, committed 4800K, reserved 1048576K
}
Event: 7.563 GC heap before
{Heap before GC invocations=6 (full 0):
 garbage-first heap   total 81920K, used 21741K [0x0000000703800000, 0x0000000800000000)
  region size 2048K, 2 young (4096K), 1 survivors (2048K)
 Metaspace       used 35774K, committed 36288K, reserved 1114112K
  class space    used 4621K, committed 4864K, reserved 1048576K
}
Event: 7.565 GC heap after
{Heap after GC invocations=7 (full 0):
 garbage-first heap   total 81920K, used 21120K [0x0000000703800000, 0x0000000800000000)
  region size 2048K, 1 young (2048K), 1 survivors (2048K)
 Metaspace       used 35774K, committed 36288K, reserved 1114112K
  class space    used 4621K, committed 4864K, reserved 1048576K
}
Event: 8.970 GC heap before
{Heap before GC invocations=8 (full 0):
 garbage-first heap   total 81920K, used 64128K [0x0000000703800000, 0x0000000800000000)
  region size 2048K, 22 young (45056K), 1 survivors (2048K)
 Metaspace       used 52032K, committed 52608K, reserved 1114112K
  class space    used 6735K, committed 6976K, reserved 1048576K
}
Event: 8.974 GC heap after
{Heap after GC invocations=9 (full 0):
 garbage-first heap   total 81920K, used 25179K [0x0000000703800000, 0x0000000800000000)
  region size 2048K, 3 young (6144K), 3 survivors (6144K)
 Metaspace       used 52032K, committed 52608K, reserved 1114112K
  class space    used 6735K, committed 6976K, reserved 1048576K
}
Event: 10.156 GC heap before
{Heap before GC invocations=9 (full 0):
 garbage-first heap   total 81920K, used 66139K [0x0000000703800000, 0x0000000800000000)
  region size 2048K, 23 young (47104K), 3 survivors (6144K)
 Metaspace       used 59589K, committed 60224K, reserved 1114112K
  class space    used 7818K, committed 8128K, reserved 1048576K
}
Event: 10.162 GC heap after
{Heap after GC invocations=10 (full 0):
 garbage-first heap   total 81920K, used 26747K [0x0000000703800000, 0x0000000800000000)
  region size 2048K, 2 young (4096K), 2 survivors (4096K)
 Metaspace       used 59589K, committed 60224K, reserved 1114112K
  class space    used 7818K, committed 8128K, reserved 1048576K
}
Event: 10.342 GC heap before
{Heap before GC invocations=10 (full 0):
 garbage-first heap   total 81920K, used 30843K [0x0000000703800000, 0x0000000800000000)
  region size 2048K, 5 young (10240K), 2 survivors (4096K)
 Metaspace       used 60486K, committed 61120K, reserved 1114112K
  class space    used 7977K, committed 8320K, reserved 1048576K
}
Event: 10.347 GC heap after
{Heap after GC invocations=11 (full 0):
 garbage-first heap   total 81920K, used 26979K [0x0000000703800000, 0x0000000800000000)
  region size 2048K, 2 young (4096K), 2 survivors (4096K)
 Metaspace       used 60486K, committed 61120K, reserved 1114112K
  class space    used 7977K, committed 8320K, reserved 1048576K
}
Event: 10.994 GC heap before
{Heap before GC invocations=12 (full 0):
 garbage-first heap   total 81920K, used 67939K [0x0000000703800000, 0x0000000800000000)
  region size 2048K, 22 young (45056K), 2 survivors (4096K)
 Metaspace       used 65595K, committed 66240K, reserved 1114112K
  class space    used 8927K, committed 9216K, reserved 1048576K
}
Event: 11.000 GC heap after
{Heap after GC invocations=13 (full 0):
 garbage-first heap   total 81920K, used 30145K [0x0000000703800000, 0x0000000800000000)
  region size 2048K, 3 young (6144K), 3 survivors (6144K)
 Metaspace       used 65595K, committed 66240K, reserved 1114112K
  class space    used 8927K, committed 9216K, reserved 1048576K
}
Event: 11.303 GC heap before
{Heap before GC invocations=13 (full 0):
 garbage-first heap   total 81920K, used 69057K [0x0000000703800000, 0x0000000800000000)
  region size 2048K, 22 young (45056K), 3 survivors (6144K)
 Metaspace       used 66238K, committed 66880K, reserved 1114112K
  class space    used 8998K, committed 9280K, reserved 1048576K
}
Event: 11.316 GC heap after
{Heap after GC invocations=14 (full 0):
 garbage-first heap   total 81920K, used 31980K [0x0000000703800000, 0x0000000800000000)
  region size 2048K, 3 young (6144K), 3 survivors (6144K)
 Metaspace       used 66238K, committed 66880K, reserved 1114112K
  class space    used 8998K, committed 9280K, reserved 1048576K
}

Dll operation events (13 events):
Event: 0.010 Loaded shared library C:\Program Files\Java\jdk-21\bin\java.dll
Event: 0.047 Loaded shared library C:\Program Files\Java\jdk-21\bin\jsvml.dll
Event: 0.244 Loaded shared library C:\Program Files\Java\jdk-21\bin\zip.dll
Event: 0.248 Loaded shared library C:\Program Files\Java\jdk-21\bin\instrument.dll
Event: 0.257 Loaded shared library C:\Program Files\Java\jdk-21\bin\net.dll
Event: 0.259 Loaded shared library C:\Program Files\Java\jdk-21\bin\nio.dll
Event: 0.264 Loaded shared library C:\Program Files\Java\jdk-21\bin\zip.dll
Event: 0.894 Loaded shared library C:\Program Files\Java\jdk-21\bin\extnet.dll
Event: 0.934 Loaded shared library C:\Program Files\Java\jdk-21\bin\jimage.dll
Event: 1.367 Loaded shared library C:\Program Files\Java\jdk-21\bin\management.dll
Event: 1.370 Loaded shared library C:\Program Files\Java\jdk-21\bin\management_ext.dll
Event: 5.915 Loaded shared library C:\Program Files\Java\jdk-21\bin\sunmscapi.dll
Event: 7.342 Loaded shared library C:\Program Files\Java\jdk-21\bin\verify.dll

Deoptimization events (20 events):
Event: 11.442 Thread 0x000001c24b924990 Uncommon trap: trap_request=0xffffff45 fr.pc=0x000001c276d42650 relative=0x0000000000000410
Event: 11.442 Thread 0x000001c24b924990 Uncommon trap: reason=unstable_if action=reinterpret pc=0x000001c276d42650 method=sun.reflect.annotation.AnnotationInvocationHandler.invoke(Ljava/lang/Object;Ljava/lang/reflect/Method;[Ljava/lang/Object;)Ljava/lang/Object; @ 76 c2
Event: 11.442 Thread 0x000001c24b924990 DEOPT PACKING pc=0x000001c276d42650 sp=0x000000c08e5fbbf0
Event: 11.442 Thread 0x000001c24b924990 DEOPT UNPACKING pc=0x000001c2766546a2 sp=0x000000c08e5fbb88 mode 2
Event: 11.463 Thread 0x000001c24b924990 Uncommon trap: trap_request=0xffffffc6 fr.pc=0x000001c276de9170 relative=0x0000000000000930
Event: 11.463 Thread 0x000001c24b924990 Uncommon trap: reason=bimorphic_or_optimized_type_check action=maybe_recompile pc=0x000001c276de9170 method=java.util.HashMap.putVal(ILjava/lang/Object;Ljava/lang/Object;ZZ)Ljava/lang/Object; @ 203 c2
Event: 11.463 Thread 0x000001c24b924990 DEOPT PACKING pc=0x000001c276de9170 sp=0x000000c08e5fe0e0
Event: 11.463 Thread 0x000001c24b924990 DEOPT UNPACKING pc=0x000001c2766546a2 sp=0x000000c08e5fe060 mode 2
Event: 11.482 Thread 0x000001c24b924990 Uncommon trap: trap_request=0xffffffde fr.pc=0x000001c276eaa22c relative=0x000000000000018c
Event: 11.482 Thread 0x000001c24b924990 Uncommon trap: reason=class_check action=maybe_recompile pc=0x000001c276eaa22c method=java.lang.reflect.Method.equals(Ljava/lang/Object;)Z @ 1 c2
Event: 11.482 Thread 0x000001c24b924990 DEOPT PACKING pc=0x000001c276eaa22c sp=0x000000c08e5fd640
Event: 11.482 Thread 0x000001c24b924990 DEOPT UNPACKING pc=0x000001c2766546a2 sp=0x000000c08e5fd5c8 mode 2
Event: 11.482 Thread 0x000001c24b924990 Uncommon trap: trap_request=0xffffffde fr.pc=0x000001c276eaa22c relative=0x000000000000018c
Event: 11.482 Thread 0x000001c24b924990 Uncommon trap: reason=class_check action=maybe_recompile pc=0x000001c276eaa22c method=java.lang.reflect.Method.equals(Ljava/lang/Object;)Z @ 1 c2
Event: 11.482 Thread 0x000001c24b924990 DEOPT PACKING pc=0x000001c276eaa22c sp=0x000000c08e5fd640
Event: 11.482 Thread 0x000001c24b924990 DEOPT UNPACKING pc=0x000001c2766546a2 sp=0x000000c08e5fd5c8 mode 2
Event: 11.515 Thread 0x000001c24b924990 Uncommon trap: trap_request=0xffffff45 fr.pc=0x000001c276dd6400 relative=0x0000000000003540
Event: 11.515 Thread 0x000001c24b924990 Uncommon trap: reason=unstable_if action=reinterpret pc=0x000001c276dd6400 method=org.springframework.beans.factory.support.AbstractBeanFactory.isTypeMatch(Ljava/lang/String;Lorg/springframework/core/ResolvableType;Z)Z @ 571 c2
Event: 11.515 Thread 0x000001c24b924990 DEOPT PACKING pc=0x000001c276dd6400 sp=0x000000c08e5fbc50
Event: 11.515 Thread 0x000001c24b924990 DEOPT UNPACKING pc=0x000001c2766546a2 sp=0x000000c08e5fbc68 mode 2

Classes loaded (20 events):
Event: 11.021 Loading class sun/reflect/generics/tree/DoubleSignature
Event: 11.021 Loading class sun/reflect/generics/tree/DoubleSignature done
Event: 11.165 Loading class java/util/WeakHashMap$KeyIterator
Event: 11.165 Loading class java/util/WeakHashMap$HashIterator
Event: 11.165 Loading class java/util/WeakHashMap$HashIterator done
Event: 11.165 Loading class java/util/WeakHashMap$KeyIterator done
Event: 11.165 Loading class java/util/WeakHashMap$EntrySet
Event: 11.165 Loading class java/util/WeakHashMap$EntrySet done
Event: 11.165 Loading class java/util/WeakHashMap$EntryIterator
Event: 11.165 Loading class java/util/WeakHashMap$EntryIterator done
Event: 11.442 Loading class java/time/DurationEditor
Event: 11.442 Loading class java/time/DurationEditor done
Event: 11.551 Loading class java/util/EnumMap$EntrySet
Event: 11.551 Loading class java/util/EnumMap$EntrySet done
Event: 11.551 Loading class java/util/EnumMap$EntryIterator
Event: 11.551 Loading class java/util/EnumMap$EnumMapIterator
Event: 11.551 Loading class java/util/EnumMap$EnumMapIterator done
Event: 11.551 Loading class java/util/EnumMap$EntryIterator done
Event: 11.554 Loading class java/lang/reflect/MalformedParametersException
Event: 11.554 Loading class java/lang/reflect/MalformedParametersException done

Classes unloaded (0 events):
No events

Classes redefined (0 events):
No events

Internal exceptions (20 events):
Event: 9.452 Thread 0x000001c24b924990 Exception <a 'java/lang/NoSuchMethodError'{0x00000007072a11d0}: 'java.lang.Object java.lang.invoke.DirectMethodHandle$Holder.newInvokeSpecial(java.lang.Object, java.lang.Object, java.lang.Object, java.lang.Object, java.lang.Object, int, java.lang.Object)'> (0x00000007072a11d0) 
thrown [s\open\src\hotspot\share\interpreter\linkResolver.cpp, line 773]
Event: 9.498 Thread 0x000001c24b924990 Exception <a 'java/lang/NoSuchMethodError'{0x000000070701c100}: 'java.lang.Object java.lang.invoke.DirectMethodHandle$Holder.newInvokeSpecial(java.lang.Object, java.lang.Object, java.lang.Object, java.lang.Object, java.lang.Object, java.lang.Object)'> (0x000000070701c100) 
thrown [s\open\src\hotspot\share\interpreter\linkResolver.cpp, line 773]
Event: 9.508 Thread 0x000001c24b924990 Exception <a 'java/lang/NoSuchMethodError'{0x0000000707088298}: 'java.lang.Object java.lang.invoke.DirectMethodHandle$Holder.newInvokeSpecial(java.lang.Object, java.lang.Object, java.lang.Object, java.lang.Object, java.lang.Object, java.lang.Object, java.lang.Object, int)'> (0x0000000707088298) 
thrown [s\open\src\hotspot\share\interpreter\linkResolver.cpp, line 773]
Event: 9.508 Thread 0x000001c24b924990 Exception <a 'java/lang/NoSuchMethodError'{0x000000070708c7f8}: 'java.lang.Object java.lang.invoke.DirectMethodHandle$Holder.invokeSpecial(java.lang.Object, java.lang.Object, java.lang.Object, java.lang.Object, java.lang.Object, java.lang.Object, java.lang.Object, java.lang.Object, int)'> (0x000000070708c7f8) 
thrown [s\open\src\hotspot\share\interpreter\linkResolver.cpp, line 773]
Event: 9.508 Thread 0x000001c24b924990 Exception <a 'java/lang/NoSuchMethodError'{0x0000000707090810}: 'java.lang.Object java.lang.invoke.Invokers$Holder.linkToTargetMethod(java.lang.Object, java.lang.Object, java.lang.Object, java.lang.Object, java.lang.Object, java.lang.Object, int, java.lang.Object)'> (0x0000000707090810) 
thrown [s\open\src\hotspot\share\interpreter\linkResolver.cpp, line 773]
Event: 9.528 Thread 0x000001c24b924990 Exception <a 'java/lang/NoSuchMethodError'{0x0000000707174ea0}: 'java.lang.Object java.lang.invoke.DirectMethodHandle$Holder.newInvokeSpecial(java.lang.Object, java.lang.Object, int, java.lang.Object, int, java.lang.Object, java.lang.Object)'> (0x0000000707174ea0) 
thrown [s\open\src\hotspot\share\interpreter\linkResolver.cpp, line 773]
Event: 9.536 Thread 0x000001c24b924990 Exception <a 'java/lang/NoSuchMethodError'{0x00000007071c3f28}: 'void java.lang.invoke.DirectMethodHandle$Holder.invokeInterface(java.lang.Object, java.lang.Object)'> (0x00000007071c3f28) 
thrown [s\open\src\hotspot\share\interpreter\linkResolver.cpp, line 773]
Event: 9.783 Thread 0x000001c24b924990 Exception <a 'java/lang/NoSuchMethodError'{0x0000000706878bc8}: 'java.lang.Object java.lang.invoke.DirectMethodHandle$Holder.invokeSpecial(java.lang.Object, java.lang.Object, int, java.lang.Object, int)'> (0x0000000706878bc8) 
thrown [s\open\src\hotspot\share\interpreter\linkResolver.cpp, line 773]
Event: 9.815 Thread 0x000001c24b924990 Exception <a 'java/lang/NoSuchMethodError'{0x0000000706972218}: 'void java.lang.invoke.Invokers$Holder.invokeExact_MT(java.lang.Object, java.lang.Object, java.lang.Object, java.lang.Object)'> (0x0000000706972218) 
thrown [s\open\src\hotspot\share\interpreter\linkResolver.cpp, line 773]
Event: 9.853 Thread 0x000001c24b924990 Exception <a 'java/io/FileNotFoundException'{0x0000000706689800}> (0x0000000706689800) 
thrown [s\open\src\hotspot\share\prims\jni.cpp, line 520]
Event: 9.856 Thread 0x000001c24b924990 Exception <a 'java/io/FileNotFoundException'{0x00000007066938d0}> (0x00000007066938d0) 
thrown [s\open\src\hotspot\share\prims\jni.cpp, line 520]
Event: 9.901 Thread 0x000001c24b924990 Implicit null exception at 0x000001c276ee30c0 to 0x000001c276ee30f8
Event: 9.924 Thread 0x000001c24b924990 Implicit null exception at 0x000001c276e57917 to 0x000001c276e57b98
Event: 9.982 Thread 0x000001c24b924990 Exception <a 'java/lang/IncompatibleClassChangeError'{0x00000007062676d8}: Found class java.lang.Object, but interface was expected> (0x00000007062676d8) 
thrown [s\open\src\hotspot\share\interpreter\linkResolver.cpp, line 840]
Event: 9.986 Thread 0x000001c24b924990 Implicit null exception at 0x000001c276ec9e60 to 0x000001c276ecb8d0
Event: 9.995 Thread 0x000001c24b924990 Exception <a 'java/lang/IncompatibleClassChangeError'{0x00000007062dd050}: Found class java.lang.Object, but interface was expected> (0x00000007062dd050) 
thrown [s\open\src\hotspot\share\interpreter\linkResolver.cpp, line 840]
Event: 10.102 Thread 0x000001c24b924990 Exception <a 'java/lang/IncompatibleClassChangeError'{0x000000070602ad88}: Found class java.lang.Object, but interface was expected> (0x000000070602ad88) 
thrown [s\open\src\hotspot\share\interpreter\linkResolver.cpp, line 840]
Event: 10.290 Thread 0x000001c24b924990 Exception <a 'java/lang/IncompatibleClassChangeError'{0x000000070f7e57a8}: Found class java.lang.Object, but interface was expected> (0x000000070f7e57a8) 
thrown [s\open\src\hotspot\share\interpreter\linkResolver.cpp, line 840]
Event: 11.473 Thread 0x000001c24b924990 Exception <a 'java/lang/NoSuchMethodError'{0x00000007077d6328}: 'java.lang.Object java.lang.invoke.DirectMethodHandle$Holder.newInvokeSpecial(java.lang.Object, java.lang.Object, java.lang.Object, java.lang.Object, java.lang.Object, java.lang.Object, java.lang.Object, java.lang.Object)'> (0x00000007077d6328) 
thrown [s\open\src\hotspot\share\interpreter\linkResolver.cpp, line 773]
Event: 11.593 Thread 0x000001c24b924990 Exception <a 'java/lang/NoSuchMethodError'{0x0000000706e6a498}: 'void java.lang.invoke.DirectMethodHandle$Holder.invokeVirtual(java.lang.Object, java.lang.Object, long)'> (0x0000000706e6a498) 
thrown [s\open\src\hotspot\share\interpreter\linkResolver.cpp, line 773]

ZGC Phase Switch (0 events):
No events

VM Operations (20 events):
Event: 10.506 Executing VM operation: HandshakeAllThreads (Deoptimize)
Event: 10.506 Executing VM operation: HandshakeAllThreads (Deoptimize) done
Event: 10.620 Executing VM operation: HandshakeAllThreads (Deoptimize)
Event: 10.620 Executing VM operation: HandshakeAllThreads (Deoptimize) done
Event: 10.653 Executing VM operation: ICBufferFull
Event: 10.654 Executing VM operation: ICBufferFull done
Event: 10.885 Executing VM operation: HandshakeAllThreads (Deoptimize)
Event: 10.885 Executing VM operation: HandshakeAllThreads (Deoptimize) done
Event: 10.994 Executing VM operation: G1CollectForAllocation (G1 Evacuation Pause)
Event: 11.000 Executing VM operation: G1CollectForAllocation (G1 Evacuation Pause) done
Event: 11.223 Executing VM operation: HandshakeAllThreads (Deoptimize)
Event: 11.223 Executing VM operation: HandshakeAllThreads (Deoptimize) done
Event: 11.261 Executing VM operation: ICBufferFull
Event: 11.261 Executing VM operation: ICBufferFull done
Event: 11.303 Executing VM operation: G1CollectForAllocation (G1 Evacuation Pause)
Event: 11.317 Executing VM operation: G1CollectForAllocation (G1 Evacuation Pause) done
Event: 11.460 Executing VM operation: ICBufferFull
Event: 11.460 Executing VM operation: ICBufferFull done
Event: 11.522 Executing VM operation: HandshakeAllThreads (Deoptimize)
Event: 11.522 Executing VM operation: HandshakeAllThreads (Deoptimize) done

Events (20 events):
Event: 10.393 Thread 0x000001c27fe9d690 flushing nmethod 0x000001c276cc4010
Event: 10.393 Thread 0x000001c27fe9d690 flushing nmethod 0x000001c276cbfd90
Event: 10.393 Thread 0x000001c27fe9d690 flushing nmethod 0x000001c276cbec10
Event: 10.393 Thread 0x000001c27fe9d690 flushing nmethod 0x000001c276cb7490
Event: 10.393 Thread 0x000001c27fe9d690 flushing nmethod 0x000001c276ca8f10
Event: 10.393 Thread 0x000001c27fe9d690 flushing nmethod 0x000001c276cb6d10
Event: 10.393 Thread 0x000001c27fe9d690 flushing nmethod 0x000001c276c3f090
Event: 10.393 Thread 0x000001c27fe9d690 flushing nmethod 0x000001c276c82590
Event: 10.393 Thread 0x000001c27fe9d690 flushing nmethod 0x000001c276c89a90
Event: 10.393 Thread 0x000001c27fe9d690 flushing nmethod 0x000001c276c66890
Event: 10.393 Thread 0x000001c27fe9d690 flushing nmethod 0x000001c276c5fa90
Event: 10.393 Thread 0x000001c27fe9d690 flushing nmethod 0x000001c276c6c410
Event: 10.393 Thread 0x000001c27fe9d690 flushing nmethod 0x000001c276c56e90
Event: 10.393 Thread 0x000001c27fe9d690 flushing nmethod 0x000001c276c5c890
Event: 10.393 Thread 0x000001c27fe9d690 flushing nmethod 0x000001c276c29390
Event: 10.393 Thread 0x000001c27fe9d690 flushing nmethod 0x000001c276c25910
Event: 10.393 Thread 0x000001c27fe9d690 flushing nmethod 0x000001c276c24a90
Event: 10.393 Thread 0x000001c27fe9d690 flushing nmethod 0x000001c276c13910
Event: 10.393 Thread 0x000001c27fe9d690 flushing nmethod 0x000001c276c03b90
Event: 10.393 Thread 0x000001c27fe9d690 flushing nmethod 0x000001c276ba0a10


Dynamic libraries:
0x00007ff7a97c0000 - 0x00007ff7a97d0000 	C:\Program Files\Java\jdk-21\bin\java.exe
0x00007ffe3a6d0000 - 0x00007ffe3a8e6000 	C:\Windows\SYSTEM32\ntdll.dll
0x00007ffe39d70000 - 0x00007ffe39e34000 	C:\Windows\System32\KERNEL32.DLL
0x00007ffe37b30000 - 0x00007ffe37ed6000 	C:\Windows\System32\KERNELBASE.dll
0x00007ffe37a10000 - 0x00007ffe37b21000 	C:\Windows\System32\ucrtbase.dll
0x00007ffdf6b20000 - 0x00007ffdf6b39000 	C:\Program Files\Java\jdk-21\bin\jli.dll
0x00007ffdf4610000 - 0x00007ffdf462b000 	C:\Program Files\Java\jdk-21\bin\VCRUNTIME140.dll
0x00007ffe3a030000 - 0x00007ffe3a0e2000 	C:\Windows\System32\ADVAPI32.dll
0x00007ffe38f80000 - 0x00007ffe39027000 	C:\Windows\System32\msvcrt.dll
0x00007ffe3a280000 - 0x00007ffe3a328000 	C:\Windows\System32\sechost.dll
0x00007ffe38030000 - 0x00007ffe38058000 	C:\Windows\System32\bcrypt.dll
0x00007ffe3a350000 - 0x00007ffe3a465000 	C:\Windows\System32\RPCRT4.dll
0x00007ffe38d70000 - 0x00007ffe38f1d000 	C:\Windows\System32\USER32.dll
0x00007ffe37ee0000 - 0x00007ffe37f06000 	C:\Windows\System32\win32u.dll
0x00007ffe39220000 - 0x00007ffe39249000 	C:\Windows\System32\GDI32.dll
0x00007ffe37f10000 - 0x00007ffe38028000 	C:\Windows\System32\gdi32full.dll
0x00007ffe17a20000 - 0x00007ffe17cb3000 	C:\Windows\WinSxS\amd64_microsoft.windows.common-controls_6595b64144ccf1df_6.0.22621.3235_none_270f74e173860f98\COMCTL32.dll
0x00007ffe38190000 - 0x00007ffe3822a000 	C:\Windows\System32\msvcp_win.dll
0x00007ffe2d3a0000 - 0x00007ffe2d3aa000 	C:\Windows\SYSTEM32\VERSION.dll
0x00007ffe39e40000 - 0x00007ffe39e71000 	C:\Windows\System32\IMM32.DLL
0x00007ffe16560000 - 0x00007ffe1656c000 	C:\Program Files\Java\jdk-21\bin\vcruntime140_1.dll
0x00007ffde49b0000 - 0x00007ffde4a3e000 	C:\Program Files\Java\jdk-21\bin\msvcp140.dll
0x00007ffdda740000 - 0x00007ffddb453000 	C:\Program Files\Java\jdk-21\bin\server\jvm.dll
0x00007ffe3a610000 - 0x00007ffe3a681000 	C:\Windows\System32\WS2_32.dll
0x00007ffe36c40000 - 0x00007ffe36c8d000 	C:\Windows\SYSTEM32\POWRPROF.dll
0x00007ffe2d9f0000 - 0x00007ffe2da24000 	C:\Windows\SYSTEM32\WINMM.dll
0x00007ffe36b30000 - 0x00007ffe36b43000 	C:\Windows\SYSTEM32\UMPDC.dll
0x00007ffe36ad0000 - 0x00007ffe36ae8000 	C:\Windows\SYSTEM32\kernel.appcore.dll
0x00007ffe16510000 - 0x00007ffe1651a000 	C:\Program Files\Java\jdk-21\bin\jimage.dll
0x00007ffe353f0000 - 0x00007ffe35623000 	C:\Windows\SYSTEM32\DBGHELP.DLL
0x00007ffe399e0000 - 0x00007ffe39d68000 	C:\Windows\System32\combase.dll
0x00007ffe38430000 - 0x00007ffe38507000 	C:\Windows\System32\OLEAUT32.dll
0x00007ffe2d220000 - 0x00007ffe2d252000 	C:\Windows\SYSTEM32\dbgcore.DLL
0x00007ffe38230000 - 0x00007ffe382aa000 	C:\Windows\System32\bcryptPrimitives.dll
0x00007ffe13830000 - 0x00007ffe1383f000 	C:\Program Files\Java\jdk-21\bin\instrument.dll
0x00007ffdf45f0000 - 0x00007ffdf460f000 	C:\Program Files\Java\jdk-21\bin\java.dll
0x00007ffe38510000 - 0x00007ffe38d6d000 	C:\Windows\System32\SHELL32.dll
0x00007ffe35970000 - 0x00007ffe36268000 	C:\Windows\SYSTEM32\windows.storage.dll
0x00007ffe35830000 - 0x00007ffe3596e000 	C:\Windows\SYSTEM32\wintypes.dll
0x00007ffe3a180000 - 0x00007ffe3a273000 	C:\Windows\System32\SHCORE.dll
0x00007ffe397c0000 - 0x00007ffe3981e000 	C:\Windows\System32\shlwapi.dll
0x00007ffe37940000 - 0x00007ffe37966000 	C:\Windows\SYSTEM32\profapi.dll
0x00007ffdda660000 - 0x00007ffdda737000 	C:\Program Files\Java\jdk-21\bin\jsvml.dll
0x00007ffdf45b0000 - 0x00007ffdf45c8000 	C:\Program Files\Java\jdk-21\bin\zip.dll
0x00007ffe15e30000 - 0x00007ffe15e40000 	C:\Program Files\Java\jdk-21\bin\net.dll
0x00007ffe2f180000 - 0x00007ffe2f2b7000 	C:\Windows\SYSTEM32\WINHTTP.dll
0x00007ffe36fc0000 - 0x00007ffe37029000 	C:\Windows\system32\mswsock.dll
0x00007ffdf45d0000 - 0x00007ffdf45e6000 	C:\Program Files\Java\jdk-21\bin\nio.dll
0x00007ffe15350000 - 0x00007ffe15357000 	C:\Program Files\Java\jdk-21\bin\extnet.dll
0x00007ffe133c0000 - 0x00007ffe133ca000 	C:\Program Files\Java\jdk-21\bin\management.dll
0x00007ffe12e70000 - 0x00007ffe12e7b000 	C:\Program Files\Java\jdk-21\bin\management_ext.dll
0x00007ffe3a340000 - 0x00007ffe3a348000 	C:\Windows\System32\PSAPI.DLL
0x00007ffe37210000 - 0x00007ffe3722b000 	C:\Windows\SYSTEM32\CRYPTSP.dll
0x00007ffe36a20000 - 0x00007ffe36a55000 	C:\Windows\system32\rsaenh.dll
0x00007ffe370b0000 - 0x00007ffe370dc000 	C:\Windows\SYSTEM32\USERENV.dll
0x00007ffe37230000 - 0x00007ffe3723c000 	C:\Windows\SYSTEM32\CRYPTBASE.dll
0x00007ffe364d0000 - 0x00007ffe364fd000 	C:\Windows\SYSTEM32\IPHLPAPI.DLL
0x00007ffe38420000 - 0x00007ffe38429000 	C:\Windows\System32\NSI.dll
0x00007ffe12e20000 - 0x00007ffe12e2e000 	C:\Program Files\Java\jdk-21\bin\sunmscapi.dll
0x00007ffe382b0000 - 0x00007ffe38416000 	C:\Windows\System32\CRYPT32.dll
0x00007ffe373d0000 - 0x00007ffe373fe000 	C:\Windows\SYSTEM32\ncrypt.dll
0x00007ffe37390000 - 0x00007ffe373c7000 	C:\Windows\SYSTEM32\NTASN1.dll
0x00007ffe13db0000 - 0x00007ffe13dc0000 	C:\Program Files\Java\jdk-21\bin\verify.dll
0x00007ffe36540000 - 0x00007ffe36639000 	C:\Windows\SYSTEM32\DNSAPI.dll
0x00007ffe2dc00000 - 0x00007ffe2dc0a000 	C:\Windows\System32\rasadhlp.dll
0x00007ffe2c350000 - 0x00007ffe2c3d3000 	C:\Windows\System32\fwpuclnt.dll

dbghelp: loaded successfully - version: 4.0.5 - missing functions: none
symbol engine: initialized successfully - sym options: 0x614 - pdb path: .;C:\Program Files\Java\jdk-21\bin;C:\Windows\SYSTEM32;C:\Windows\WinSxS\amd64_microsoft.windows.common-controls_6595b64144ccf1df_6.0.22621.3235_none_270f74e173860f98;C:\Program Files\Java\jdk-21\bin\server

VM Arguments:
jvm_args: -javaagent:D:\Приложения\IntelliJ IDEA Community Edition 2023.2.3\lib\idea_rt.jar=57566:D:\Приложения\IntelliJ IDEA Community Edition 2023.2.3\bin -Dfile.encoding=UTF-8 -Dsun.stdout.encoding=UTF-8 -Dsun.stderr.encoding=UTF-8 
java_command: com.la_shop.la_men.LaMenApplication
java_class_path (initial): D:\Уеба\СУБД\Курсовая\la_men\target\classes;C:\Users\A\.m2\repository\org\springframework\boot\spring-boot-starter-thymeleaf\3.1.5\spring-boot-starter-thymeleaf-3.1.5.jar;C:\Users\A\.m2\repository\org\springframework\boot\spring-boot-starter\3.1.5\spring-boot-starter-3.1.5.jar;C:\Users\A\.m2\repository\org\springframework\boot\spring-boot-starter-logging\3.1.5\spring-boot-starter-logging-3.1.5.jar;C:\Users\A\.m2\repository\ch\qos\logback\logback-classic\1.4.11\logback-classic-1.4.11.jar;C:\Users\A\.m2\repository\ch\qos\logback\logback-core\1.4.11\logback-core-1.4.11.jar;C:\Users\A\.m2\repository\org\apache\logging\log4j\log4j-to-slf4j\2.20.0\log4j-to-slf4j-2.20.0.jar;C:\Users\A\.m2\repository\org\slf4j\jul-to-slf4j\2.0.9\jul-to-slf4j-2.0.9.jar;C:\Users\A\.m2\repository\jakarta\annotation\jakarta.annotation-api\2.1.1\jakarta.annotation-api-2.1.1.jar;C:\Users\A\.m2\repository\org\yaml\snakeyaml\1.33\snakeyaml-1.33.jar;C:\Users\A\.m2\repository\org\thymeleaf\thymeleaf-spring6\3.1.2.RELEASE\thymeleaf-spring6-3.1.2.RELEASE.jar;C:\Users\A\.m2\repository\org\springframework\boot\spring-boot-starter-web\3.1.5\spring-boot-starter-web-3.1.5.jar;C:\Users\A\.m2\repository\org\springframework\boot\spring-boot-starter-json\3.1.5\spring-boot-starter-json-3.1.5.jar;C:\Users\A\.m2\repository\com\fasterxml\jackson\datatype\jackson-datatype-jdk8\2.15.3\jackson-datatype-jdk8-2.15.3.jar;C:\Users\A\.m2\repository\com\fasterxml\jackson\datatype\jackson-datatype-jsr310\2.15.3\jackson-datatype-jsr310-2.15.3.jar;C:\Users\A\.m2\repository\com\fasterxml\jackson\module\jackson-module-parameter-names\2.15.3\jackson-module-parameter-names-2.15.3.jar;C:\Users\A\.m2\repository\org\springframework\boot\spring-boot-starter-tomcat\3.1.5\spring-boot-starter-tomcat-3.1.5.jar;C:\Users\A\.m2\repository\org\apache\tomcat\embed\tomcat-embed-core\10.1.15\tomcat-embed-core-10.1.15.jar;C:\Users\A\.m2\repository\org\apache\tomcat\embed\tomcat-embed-el\10.1.15\tomcat-embed-el-10.1.15.jar;C:\Users\A\.m2\repository\org\apache\tomcat\embed\tomcat-embed-websocket\10.1.15\tomcat-embed-websocket-10.1.15.jar;C:\Users\A\.m2\repository\org\springframework\spring-web\6.0.13\spring-web-6.0.13.jar;C:\Users\A\.m2\repository\org\springframework\spring-beans\6.0.13\spring-beans-6.0.13.jar;C:\Users\A\.m2\repository\io\micrometer\micrometer-observation\1.11.5\micrometer-observation-1.11.5.jar;C:\Users\A\.m2\repository\io\micrometer\micrometer-commons\1.11.5\micrometer-commons-1.11.5.jar;C:\Users\A\.m2\repository\org\springframework\spring-webmvc\6.0.13\spring-webmvc-6.0.13.jar;C:\Users\A\.m2\repository\org\springframework\spring-aop\6.0.13\spring-aop-6.0.13.jar;C:\Users\A\.m2\repository\org\springframework\spring-context\6.0.13\spring-context-6.0.13.jar;C:\Users\A\.m2\repository\org\springframework\spring-expression\6.0.13\spring-expression-6.0.13.jar;C:\Users\A\.m2\repository\org\springframework\boot\spring-boot-devtools\3.1.5\spring-boot-devtools-3.1.5.jar;C:\Users\A\.m2\repository\org\springframework\boot\spring-boot\3.1.5\spring-boot-3.1.5.jar;C:\Users\A\.m2\repository\org\springframework\boot\spring-boot-autoconfigure\3.1.5\spring-boot-autoconfigure-3.1.5.jar;C:\Users\A\.m2\repository\org\springframework\boot\spring-boot-starter-data-jpa\3.1.5\spring-boot-starter-data-jpa-3.1.5.jar;C:\Users\A\.m2\repository\org\springframework\boot\spring-boot-starter-aop\3.1.5\spring-boot-starter-aop-3.1.5.jar;C:\Users\A\.m2\repository\org\aspectj\aspectjweaver\1.9.20\aspectjweaver-1.9.20.jar;C:\Users\A\.m2\repository\org\springframework\boot\spring-boot-starter-jdbc\3.1.5\spring-boot-starter-jdbc-3.1.5.jar;C:\Users\A\.m2\repository\com\zaxxer\HikariCP\5.0.1\HikariCP-5.0.1.jar;C:\Users\A\.m2\repository\org\springframework\spring-jdbc\6.0.13\spring-jdbc-6.0.13.jar;C:\Users\A\.m2\repository\org\hibernate\orm\hibernate-core\6.2.13.Final\hibernate-core-6.2.13.Final.jar;C:\Users\A\.m2\repository\jakarta\persistence\jakarta.persistence-api\3.1.0\jakarta.persistence-api-3.1.0.jar;C:\Users\A\.m2\repository\jakarta\transaction\jakarta.transaction-api\2.0.1\jakarta.transaction-api-2.0.1.jar;C:\Users\A\.m2\repository\org\jboss\logging\jboss-logging\3.5.3.Final\jboss-logging-3.5.3.Final.jar;C:\Users\A\.m2\repository\org\hibernate\common\hibernate-commons-annotations\6.0.6.Final\hibernate-commons-annotations-6.0.6.Final.jar;C:\Users\A\.m2\repository\io\smallrye\jandex\3.0.5\jandex-3.0.5.jar;C:\Users\A\.m2\repository\com\fasterxml\classmate\1.5.1\classmate-1.5.1.jar;C:\Users\A\.m2\repository\net\bytebuddy\byte-buddy\1.14.9\byte-buddy-1.14.9.jar;C:\Users\A\.m2\repository\jakarta\inject\jakarta.inject-api\2.0.1\jakarta.inject-api-2.0.1.jar;C:\Users\A\.m2\repository\org\antlr\antlr4-runtime\4.10.1\antlr4-runtime-4.10.1.jar;C:\Users\A\.m2\repository\org\springframework\data\spring-data-jpa\3.1.5\spring-data-jpa-3.1.5.jar;C:\Users\A\.m2\repository\org\springframework\data\spring-data-commons\3.1.5\spring-data-commons-3.1.5.jar;C:\Users\A\.m2\repository\org\springframework\spring-orm\6.0.13\spring-orm-6.0.13.jar;C:\Users\A\.m2\repository\org\springframework\spring-tx\6.0.13\spring-tx-6.0.13.jar;C:\Users\A\.m2\repository\org\springframework\spring-aspects\6.0.13\spring-aspects-6.0.13.jar;C:\Users\A\.m2\repository\com\mysql\mysql-connector-j\8.0.33\mysql-connector-j-8.0.33.jar;C:\Users\A\.m2\repository\jakarta\xml\bind\jakarta.xml.bind-api\4.0.1\jakarta.xml.bind-api-4.0.1.jar;C:\Users\A\.m2\repository\org\springframework\spring-core\6.0.13\spring-core-6.0.13.jar;C:\Users\A\.m2\repository\org\springframework\spring-jcl\6.0.13\spring-jcl-6.0.13.jar;C:\Users\A\.m2\repository\org\mindrot\jbcrypt\0.4\jbcrypt-0.4.jar;C:\Users\A\.m2\repository\org\springframework\boot\spring-boot-starter-mail\3.1.5\spring-boot-starter-mail-3.1.5.jar;C:\Users\A\.m2\repository\org\springframework\spring-context-support\6.0.13\spring-context-support-6.0.13.jar;C:\Users\A\.m2\repository\org\eclipse\angus\jakarta.mail\1.1.0\jakarta.mail-1.1.0.jar;C:\Users\A\.m2\repository\org\eclipse\angus\angus-activation\2.0.1\angus-activation-2.0.1.jar;C:\Users\A\.m2\repository\javax\mail\javax.mail-api\1.6.2\javax.mail-api-1.6.2.jar;C:\Users\A\.m2\repository\org\thymeleaf\extras\thymeleaf-extras-java8time\3.0.4.RELEASE\thymeleaf-extras-java8time-3.0.4.RELEASE.jar;C:\Users\A\.m2\repository\org\thymeleaf\thymeleaf\3.1.2.RELEASE\thymeleaf-3.1.2.RELEASE.jar;C:\Users\A\.m2\repository\ognl\ognl\3.3.4\ognl-3.3.4.jar;C:\Users\A\.m2\repository\org\javassist\javassist\3.29.0-GA\javassist-3.29.0-GA.jar;C:\Users\A\.m2\repository\org\attoparser\attoparser\2.0.7.RELEASE\attoparser-2.0.7.RELEASE.jar;C:\Users\A\.m2\repository\org\unbescape\unbescape\1.1.6.RELEASE\unbescape-1.1.6.RELEASE.jar;C:\Users\A\.m2\repository\org\slf4j\slf4j-api\2.0.9\slf4j-api-2.0.9.jar;C:\Users\A\.m2\repository\com\fasterxml\jackson\core\jackson-databind\2.13.3\jackson-databind-2.13.3.jar;C:\Users\A\.m2\repository\com\fasterxml\jackson\core\jackson-annotations\2.15.3\jackson-annotations-2.15.3.jar;C:\Users\A\.m2\repository\com\fasterxml\jackson\core\jackson-core\2.15.3\jackson-core-2.15.3.jar;C:\Users\A\.m2\repository\com\itextpdf\itextpdf\5.5.13\itextpdf-5.5.13.jar;C:\Users\A\.m2\repository\org\apache\poi\poi\5.2.0\poi-5.2.0.jar;C:\Users\A\.m2\repository\commons-codec\commons-codec\1.15\commons-codec-1.15.jar;C:\Users\A\.m2\repository\org\apache\commons\commons-collections4\4.4\commons-collections4-4.4.jar;C:\Users\A\.m2\repository\org\apache\commons\commons-math3\3.6.1\commons-math3-3.6.1.jar;C:\Users\A\.m2\repository\commons-io\commons-io\2.11.0\commons-io-2.11.0.jar;C:\Users\A\.m2\repository\com\zaxxer\SparseBitSet\1.2\SparseBitSet-1.2.jar;C:\Users\A\.m2\repository\org\apache\logging\log4j\log4j-api\2.20.0\log4j-api-2.20.0.jar;C:\Users\A\.m2\repository\org\apache\poi\poi-ooxml\5.2.0\poi-ooxml-5.2.0.jar;C:\Users\A\.m2\repository\org\apache\poi\poi-ooxml-lite\5.2.0\poi-ooxml-lite-5.2.0.jar;C:\Users\A\.m2\repository\org\apache\xmlbeans\xmlbeans\5.0.3\xmlbeans-5.0.3.jar;C:\Users\A\.m2\repository\org\apache\commons\commons-compress\1.21\commons-compress-1.21.jar;C:\Users\A\.m2\repository\com\github\virtuald\curvesapi\1.06\curvesapi-1.06.jar;C:\Users\A\.m2\repository\nz\ac\waikato\cms\weka\weka-stable\3.8.6\weka-stable-3.8.6.jar;C:\Users\A\.m2\repository\com\github\vbmacher\java-cup\11b-20160615\java-cup-11b-20160615.jar;C:\Users\A\.m2\repository\com\github\vbmacher\java-cup-runtime\11b-20160615\java-cup-runtime-11b-20160615.jar;C:\Users\A\.m2\repository\nz\ac\waikato\cms\weka\thirdparty\bounce\0.18\bounce-0.18.jar;C:\Users\A\.m2\repository\com\googlecode\matrix-toolkits-java\mtj\1.0.4\mtj-1.0.4.jar;C:\Users\A\.m2\repository\com\github\fommil\netlib\netlib-native_ref-osx-x86_64\1.1\netlib-native_ref-osx-x86_64-1.1-natives.jar;C:\Users\A\.m2\repository\com\github\fommil\netlib\native_ref-java\1.1\native_ref-java-1.1.jar;C:\Users\A\.m2\repository\com\github\fommil\jniloader\1.1\jniloader-1.1.jar;C:\Users\A\.m2\repository\com\github\fommil\netlib\netlib-native_ref-linux-x86_64\1.1\netlib-native_ref-linux-x86_64-1.1-natives.jar;C:\Users\A\.m2\repository\com\github\fommil\netlib\netlib-native_ref-linux-i686\1.1\netlib-native_ref-linux-i686-1.1-natives.jar;C:\Users\A\.m2\repository\com\github\fommil\netlib\netlib-native_ref-win-x86_64\1.1\netlib-native_ref-win-x86_64-1.1-natives.jar;C:\Users\A\.m2\repository\com\github\fommil\netlib\netlib-native_ref-win-i686\1.1\netlib-native_ref-win-i686-1.1-natives.jar;C:\Users\A\.m2\repository\com\github\fommil\netlib\netlib-native_ref-linux-armhf\1.1\netlib-native_ref-linux-armhf-1.1-natives.jar;C:\Users\A\.m2\repository\com\github\fommil\netlib\netlib-native_system-osx-x86_64\1.1\netlib-native_system-osx-x86_64-1.1-natives.jar;C:\Users\A\.m2\repository\com\github\fommil\netlib\native_system-java\1.1\native_system-java-1.1.jar;C:\Users\A\.m2\repository\com\github\fommil\netlib\netlib-native_system-linux-x86_64\1.1\netlib-native_system-linux-x86_64-1.1-natives.jar;C:\Users\A\.m2\repository\com\github\fommil\netlib\netlib-native_system-linux-i686\1.1\netlib-native_system-linux-i686-1.1-natives.jar;C:\Users\A\.m2\repository\com\github\fommil\netlib\netlib-native_system-linux-armhf\1.1\netlib-native_system-linux-armhf-1.1-natives.jar;C:\Users\A\.m2\repository\com\github\fommil\netlib\netlib-native_system-win-x86_64\1.1\netlib-native_system-win-x86_64-1.1-natives.jar;C:\Users\A\.m2\repository\com\github\fommil\netlib\netlib-native_system-win-i686\1.1\netlib-native_system-win-i686-1.1-natives.jar;C:\Users\A\.m2\repository\net\sourceforge\f2j\arpack_combined_all\0.1\arpack_combined_all-0.1.jar;C:\Users\A\.m2\repository\com\googlecode\netlib-java\netlib-java\1.1\netlib-java-1.1.jar;C:\Users\A\.m2\repository\com\github\fommil\netlib\core\1.1\core-1.1.jar;C:\Users\A\.m2\repository\com\github\fracpete\jfilechooser-bookmarks\0.1.6\jfilechooser-bookmarks-0.1.6.jar;C:\Users\A\.m2\repository\com\github\fracpete\jclipboardhelper\0.1.0\jclipboardhelper-0.1.0.jar;C:\Users\A\.m2\repository\com\sun\istack\istack-commons-runtime\4.1.2\istack-commons-runtime-4.1.2.jar;C:\Users\A\.m2\repository\jakarta\activation\jakarta.activation-api\2.1.2\jakarta.activation-api-2.1.2.jar;C:\Users\A\.m2\repository\org\glassfish\jaxb\jaxb-runtime\4.0.3\jaxb-runtime-4.0.3.jar;C:\Users\A\.m2\repository\org\glassfish\jaxb\jaxb-core\4.0.3\jaxb-core-4.0.3.jar;C:\Users\A\.m2\repository\org\glassfish\jaxb\txw2\4.0.3\txw2-4.0.3.jar;C:\Users\A\.m2\repository\com\formdev\flatlaf\2.0\flatlaf-2.0.jar
Launcher Type: SUN_STANDARD

[Global flags]
     intx CICompilerCount                          = 4                                         {product} {ergonomic}
     uint ConcGCThreads                            = 2                                         {product} {ergonomic}
     uint G1ConcRefinementThreads                  = 8                                         {product} {ergonomic}
   size_t G1HeapRegionSize                         = 2097152                                   {product} {ergonomic}
    uintx GCDrainStackTargetSize                   = 64                                        {product} {ergonomic}
   size_t InitialHeapSize                          = 266338304                                 {product} {ergonomic}
   size_t MarkStackSize                            = 4194304                                   {product} {ergonomic}
   size_t MaxHeapSize                              = 4236247040                                {product} {ergonomic}
   size_t MaxNewSize                               = 2541748224                                {product} {ergonomic}
   size_t MinHeapDeltaBytes                        = 2097152                                   {product} {ergonomic}
   size_t MinHeapSize                              = 8388608                                   {product} {ergonomic}
    uintx NonNMethodCodeHeapSize                   = 5839372                                {pd product} {ergonomic}
    uintx NonProfiledCodeHeapSize                  = 122909434                              {pd product} {ergonomic}
    uintx ProfiledCodeHeapSize                     = 122909434                              {pd product} {ergonomic}
    uintx ReservedCodeCacheSize                    = 251658240                              {pd product} {ergonomic}
     bool SegmentedCodeCache                       = true                                      {product} {ergonomic}
   size_t SoftMaxHeapSize                          = 4236247040                             {manageable} {ergonomic}
     bool UseCompressedOops                        = true                           {product lp64_product} {ergonomic}
     bool UseG1GC                                  = true                                      {product} {ergonomic}
     bool UseLargePagesIndividualAllocation        = false                                  {pd product} {ergonomic}

Logging:
Log output configuration:
 #0: stdout all=warning uptime,level,tags foldmultilines=false
 #1: stderr all=off uptime,level,tags foldmultilines=false

Environment Variables:
PATH=C:\Program Files\Common Files\Oracle\Java\javapath;C:\Windows\system32;C:\Windows;C:\Windows\System32\Wbem;C:\Windows\System32\WindowsPowerShell\v1.0\;C:\Windows\System32\OpenSSH\;C:\Users\A\AppData\Local\Programs\Python\Python311\Scripts;C:\Program Files (x86)\dotnet\;C:\Program Files\Azure Data Studio\bin;C:\Program Files\dotnet\;D:\Приложения\Git\cmd;C:\Program Files\Microsoft SQL Server\Client SDK\ODBC\170\Tools\Binn\;C:\Program Files (x86)\Microsoft SQL Server\150\Tools\Binn\;C:\Program Files\Microsoft SQL Server\150\Tools\Binn\;C:\Program Files\Microsoft SQL Server\150\DTS\Binn\;C:\Program Files (x86)\Microsoft SQL Server\160\DTS\Binn\;C:\Windows\System32;C:\Program Files\Azure Data Studio\bin;C:\Users\A\.dotnet\tools
USERNAME=A
OS=Windows_NT
PROCESSOR_IDENTIFIER=Intel64 Family 6 Model 165 Stepping 2, GenuineIntel
TMP=C:\Users\A\AppData\Local\Temp
TEMP=C:\Users\A\AppData\Local\Temp




---------------  S Y S T E M  ---------------

OS:
 Windows 11 , 64 bit Build 22621 (10.0.22621.3235)
OS uptime: 7 days 13:09 hours

CPU: total 8 (initial active 8) (4 cores per cpu, 2 threads per core) family 6 model 165 stepping 2 microcode 0xe0, cx8, cmov, fxsr, ht, mmx, 3dnowpref, sse, sse2, sse3, ssse3, sse4.1, sse4.2, popcnt, lzcnt, tsc, tscinvbit, avx, avx2, aes, erms, clmul, bmi1, bmi2, adx, fma, vzeroupper, clflush, clflushopt, rdtscp, f16c, pku
Processor Information for all 8 processors :
  Max Mhz: 2496, Current Mhz: 2496, Mhz Limit: 2496

Memory: 4k page, system-wide physical 16155M (2566M free)
TotalPageFile size 18709M (AvailPageFile size 2746M)
current process WorkingSet (physical memory assigned to process): 298M, peak: 299M
current process commit charge ("private bytes"): 335M, peak: 423M

vm_info: Java HotSpot(TM) 64-Bit Server VM (21+35-LTS-2513) for windows-amd64 JRE (21+35-LTS-2513), built on 2023-08-09T20:25:10Z by "mach5one" with MS VC++ 17.1 (VS2022)

END.
